-------------------------------------------------------------------------------
Test set: br.com.emiron.springwsdemo.SpringwsdemoApplicationTests
-------------------------------------------------------------------------------
Tests run: 1, Failures: 0, Errors: 1, Skipped: 0, Time elapsed: 3.943 s <<< FAILURE! - in br.com.emiron.springwsdemo.SpringwsdemoApplicationTests
contextLoads(br.com.emiron.springwsdemo.SpringwsdemoApplicationTests)  Time elapsed: 0.009 s  <<< ERROR!
java.lang.IllegalStateException: Failed to load ApplicationContext
Caused by: org.springframework.beans.factory.BeanCreationException: Error creating bean with name 'payloadRootAnnotationMethodEndpointMapping' defined in class path resource [org/springframework/ws/config/annotation/DelegatingWsConfiguration.class]: Initialization of bean failed; nested exception is org.springframework.context.ApplicationContextException: Cannot map endpoint [public io.spring.guides.gs_producing_web_service.GetCountryResponse br.com.emiron.springwsdemo.endpoint.PersonEndpoint.getCountry(io.spring.guides.gs_producing_web_service.GetCountryRequest)] on registration key [{http://spring.io/guides/gs-producing-web-service}getCountryRequest]: there's already endpoint [public io.spring.guides.gs_producing_web_service.GetCountryResponse br.com.emiron.springwsdemo.endpoint.CountryEndpoint.getCountry(io.spring.guides.gs_producing_web_service.GetCountryRequest)] mapped
Caused by: org.springframework.context.ApplicationContextException: Cannot map endpoint [public io.spring.guides.gs_producing_web_service.GetCountryResponse br.com.emiron.springwsdemo.endpoint.PersonEndpoint.getCountry(io.spring.guides.gs_producing_web_service.GetCountryRequest)] on registration key [{http://spring.io/guides/gs-producing-web-service}getCountryRequest]: there's already endpoint [public io.spring.guides.gs_producing_web_service.GetCountryResponse br.com.emiron.springwsdemo.endpoint.CountryEndpoint.getCountry(io.spring.guides.gs_producing_web_service.GetCountryRequest)] mapped

