<?xml version="1.0" encoding="UTF-8"?>
<testsuite xmlns:xsi="http://www.w3.org/2001/XMLSchema-instance" xsi:noNamespaceSchemaLocation="https://maven.apache.org/surefire/maven-surefire-plugin/xsd/surefire-test-report.xsd" name="br.com.emiron.springwsdemo.SpringwsdemoApplicationTests" time="3.943" tests="1" errors="1" skipped="0" failures="0">
  <properties>
[...]
</properties>
  <testcase name="contextLoads" classname="br.com.emiron.springwsdemo.SpringwsdemoApplicationTests" time="0.009">
    <error message="Failed to load ApplicationContext" type="java.lang.IllegalStateException">java.lang.IllegalStateException: Failed to load ApplicationContext
Caused by: org.springframework.beans.factory.BeanCreationException: Error creating bean with name 'payloadRootAnnotationMethodEndpointMapping' defined in class path resource [org/springframework/ws/config/annotation/DelegatingWsConfiguration.class]: Initialization of bean failed; nested exception is org.springframework.context.ApplicationContextException: Cannot map endpoint [public io.spring.guides.gs_producing_web_service.GetCountryResponse br.com.emiron.springwsdemo.endpoint.PersonEndpoint.getCountry(io.spring.guides.gs_producing_web_service.GetCountryRequest)] on registration key [{http://spring.io/guides/gs-producing-web-service}getCountryRequest]: there's already endpoint [public io.spring.guides.gs_producing_web_service.GetCountryResponse br.com.emiron.springwsdemo.endpoint.CountryEndpoint.getCountry(io.spring.guides.gs_producing_web_service.GetCountryRequest)] mapped
Caused by: org.springframework.context.ApplicationContextException: Cannot map endpoint [public io.spring.guides.gs_producing_web_service.GetCountryResponse br.com.emiron.springwsdemo.endpoint.PersonEndpoint.getCountry(io.spring.guides.gs_producing_web_service.GetCountryRequest)] on registration key [{http://spring.io/guides/gs-producing-web-service}getCountryRequest]: there's already endpoint [public io.spring.guides.gs_producing_web_service.GetCountryResponse br.com.emiron.springwsdemo.endpoint.CountryEndpoint.getCountry(io.spring.guides.gs_producing_web_service.GetCountryRequest)] mapped
</error>
    <system-out><![CDATA[12:32:59.998 [main] DEBUG org.springframework.test.context.junit4.SpringJUnit4ClassRunner - SpringJUnit4ClassRunner constructor called with [class br.com.emiron.springwsdemo.SpringwsdemoApplicationTests]
12:33:00.008 [main] DEBUG org.springframework.test.context.BootstrapUtils - Instantiating CacheAwareContextLoaderDelegate from class [org.springframework.test.context.cache.DefaultCacheAwareContextLoaderDelegate]
12:33:00.018 [main] DEBUG org.springframework.test.context.BootstrapUtils - Instantiating BootstrapContext using constructor [public org.springframework.test.context.support.DefaultBootstrapContext(java.lang.Class,org.springframework.test.context.CacheAwareContextLoaderDelegate)]
12:33:00.048 [main] DEBUG org.springframework.test.context.BootstrapUtils - Instantiating TestContextBootstrapper for test class [br.com.emiron.springwsdemo.SpringwsdemoApplicationTests] from class [org.springframework.boot.test.context.SpringBootTestContextBootstrapper]
12:33:00.073 [main] INFO org.springframework.boot.test.context.SpringBootTestContextBootstrapper - Neither @ContextConfiguration nor @ContextHierarchy found for test class [br.com.emiron.springwsdemo.SpringwsdemoApplicationTests], using SpringBootContextLoader
12:33:00.080 [main] DEBUG org.springframework.test.context.support.AbstractContextLoader - Did not detect default resource location for test class [br.com.emiron.springwsdemo.SpringwsdemoApplicationTests]: class path resource [br/com/emiron/springwsdemo/SpringwsdemoApplicationTests-context.xml] does not exist
12:33:00.081 [main] DEBUG org.springframework.test.context.support.AbstractContextLoader - Did not detect default resource location for test class [br.com.emiron.springwsdemo.SpringwsdemoApplicationTests]: class path resource [br/com/emiron/springwsdemo/SpringwsdemoApplicationTestsContext.groovy] does not exist
12:33:00.081 [main] INFO org.springframework.test.context.support.AbstractContextLoader - Could not detect default resource locations for test class [br.com.emiron.springwsdemo.SpringwsdemoApplicationTests]: no resource found for suffixes {-context.xml, Context.groovy}.
12:33:00.083 [main] INFO org.springframework.test.context.support.AnnotationConfigContextLoaderUtils - Could not detect default configuration classes for test class [br.com.emiron.springwsdemo.SpringwsdemoApplicationTests]: SpringwsdemoApplicationTests does not declare any static, non-private, non-final, nested classes annotated with @Configuration.
12:33:00.156 [main] DEBUG org.springframework.test.context.support.ActiveProfilesUtils - Could not find an 'annotation declaring class' for annotation type [org.springframework.test.context.ActiveProfiles] and class [br.com.emiron.springwsdemo.SpringwsdemoApplicationTests]
12:33:00.169 [main] DEBUG org.springframework.core.env.StandardEnvironment - Adding PropertySource 'systemProperties' with lowest search precedence
12:33:00.169 [main] DEBUG org.springframework.core.env.StandardEnvironment - Adding PropertySource 'systemEnvironment' with lowest search precedence
12:33:00.170 [main] DEBUG org.springframework.core.env.StandardEnvironment - Initialized StandardEnvironment with PropertySources [MapPropertySource@867398280 {name='systemProperties', properties={java.runtime.name=Java(TM) SE Runtime Environment, sun.boot.library.path=C:\Program Files\Java\jdk1.8.0_72\jre\bin, java.vm.version=25.72-b15, java.vm.vendor=Oracle Corporation, java.vendor.url=http://java.oracle.com/, path.separator=;, java.vm.name=Java HotSpot(TM) 64-Bit Server VM, file.encoding.pkg=sun.io, user.country=BR, user.script=, sun.java.launcher=SUN_STANDARD, sun.os.patch.level=, java.vm.specification.name=Java Virtual Machine Specification, user.dir=C:\DEV\workspace\springwsdemo, java.runtime.version=1.8.0_72-b15, basedir=C:\DEV\workspace\springwsdemo, java.awt.graphicsenv=sun.awt.Win32GraphicsEnvironment, java.endorsed.dirs=C:\Program Files\Java\jdk1.8.0_72\jre\lib\endorsed, os.arch=amd64, surefire.real.class.path=C:\Users\emiron\AppData\Local\Temp\surefire330939047860773620\surefirebooter2117069348441517410.jar, java.io.tmpdir=C:\Users\emiron\AppData\Local\Temp\, line.separator=
, java.vm.specification.vendor=Oracle Corporation, user.variant=, os.name=Windows 8.1, sun.jnu.encoding=Cp1252, java.library.path=C:\Program Files\Java\jdk1.8.0_72\jre\bin;C:\WINDOWS\Sun\Java\bin;C:\WINDOWS\system32;C:\WINDOWS;C:/Program Files/Java/jre1.8.0_91/bin/server;C:/Program Files/Java/jre1.8.0_91/bin;C:/Program Files/Java/jre1.8.0_91/lib/amd64;C:\Program Files (x86)\Python35-32\Scripts\;C:\Program Files (x86)\Python35-32\;C:\Program Files (x86)\Intel\iCLS Client\;C:\Program Files\Intel\iCLS Client\;C:\Program Files (x86)\NVIDIA Corporation\PhysX\Common;C:\ProgramData\Oracle\Java\javapath;C:\WINDOWS\system32;C:\WINDOWS;C:\WINDOWS\System32\Wbem;C:\WINDOWS\System32\WindowsPowerShell\v1.0\;C:\Program Files\Java\jdk1.8.0_72\bin;C:\DEV\maven\apache-maven-3.3.9\bin;C:\Program Files\Intel\Intel(R) Management Engine Components\DAL;C:\Program Files (x86)\Intel\Intel(R) Management Engine Components\DAL;C:\Program Files\Intel\Intel(R) Management Engine Components\IPT;C:\Program Files (x86)\Intel\Intel(R) Management Engine Components\IPT;C:\Program Files (x86)\GtkSharp\2.12\bin;C:\Program Files (x86)\Windows Live\Shared;C:\Program Files\nodejs\;C:\Program Files\MySQL\MySQL Utilities 1.6\;C:\Users\emiron\AppData\Roaming\npm;C:\Program Files (x86)\Microsoft VS Code\bin;C:\DEV\ide\eclipse;;., surefire.test.class.path=C:\DEV\workspace\springwsdemo\target\test-classes;C:\DEV\workspace\springwsdemo\target\classes;C:\Users\emiron\.m2\repository\org\springframework\boot\spring-boot-starter-web\2.0.0.BUILD-SNAPSHOT\spring-boot-starter-web-2.0.0.BUILD-SNAPSHOT.jar;C:\Users\emiron\.m2\repository\org\springframework\boot\spring-boot-starter\2.0.0.BUILD-SNAPSHOT\spring-boot-starter-2.0.0.BUILD-SNAPSHOT.jar;C:\Users\emiron\.m2\repository\org\springframework\boot\spring-boot\2.0.0.BUILD-SNAPSHOT\spring-boot-2.0.0.BUILD-SNAPSHOT.jar;C:\Users\emiron\.m2\repository\org\springframework\boot\spring-boot-autoconfigure\2.0.0.BUILD-SNAPSHOT\spring-boot-autoconfigure-2.0.0.BUILD-SNAPSHOT.jar;C:\Users\emiron\.m2\repository\org\springframework\boot\spring-boot-starter-logging\2.0.0.BUILD-SNAPSHOT\spring-boot-starter-logging-2.0.0.BUILD-SNAPSHOT.jar;C:\Users\emiron\.m2\repository\ch\qos\logback\logback-classic\1.2.3\logback-classic-1.2.3.jar;C:\Users\emiron\.m2\repository\ch\qos\logback\logback-core\1.2.3\logback-core-1.2.3.jar;C:\Users\emiron\.m2\repository\org\apache\logging\log4j\log4j-to-slf4j\2.10.0\log4j-to-slf4j-2.10.0.jar;C:\Users\emiron\.m2\repository\org\apache\logging\log4j\log4j-api\2.10.0\log4j-api-2.10.0.jar;C:\Users\emiron\.m2\repository\org\slf4j\jul-to-slf4j\1.7.25\jul-to-slf4j-1.7.25.jar;C:\Users\emiron\.m2\repository\javax\annotation\javax.annotation-api\1.3.1\javax.annotation-api-1.3.1.jar;C:\Users\emiron\.m2\repository\org\yaml\snakeyaml\1.19\snakeyaml-1.19.jar;C:\Users\emiron\.m2\repository\org\springframework\boot\spring-boot-starter-json\2.0.0.BUILD-SNAPSHOT\spring-boot-starter-json-2.0.0.BUILD-SNAPSHOT.jar;C:\Users\emiron\.m2\repository\com\fasterxml\jackson\core\jackson-databind\2.9.2\jackson-databind-2.9.2.jar;C:\Users\emiron\.m2\repository\com\fasterxml\jackson\core\jackson-annotations\2.9.0\jackson-annotations-2.9.0.jar;C:\Users\emiron\.m2\repository\com\fasterxml\jackson\core\jackson-core\2.9.2\jackson-core-2.9.2.jar;C:\Users\emiron\.m2\repository\com\fasterxml\jackson\datatype\jackson-datatype-jdk8\2.9.2\jackson-datatype-jdk8-2.9.2.jar;C:\Users\emiron\.m2\repository\com\fasterxml\jackson\datatype\jackson-datatype-jsr310\2.9.2\jackson-datatype-jsr310-2.9.2.jar;C:\Users\emiron\.m2\repository\com\fasterxml\jackson\module\jackson-module-parameter-names\2.9.2\jackson-module-parameter-names-2.9.2.jar;C:\Users\emiron\.m2\repository\org\springframework\boot\spring-boot-starter-tomcat\2.0.0.BUILD-SNAPSHOT\spring-boot-starter-tomcat-2.0.0.BUILD-SNAPSHOT.jar;C:\Users\emiron\.m2\repository\org\apache\tomcat\embed\tomcat-embed-core\8.5.27\tomcat-embed-core-8.5.27.jar;C:\Users\emiron\.m2\repository\org\apache\tomcat\embed\tomcat-embed-el\8.5.27\tomcat-embed-el-8.5.27.jar;C:\Users\emiron\.m2\repository\org\apache\tomcat\embed\tomcat-embed-websocket\8.5.27\tomcat-embed-websocket-8.5.27.jar;C:\Users\emiron\.m2\repository\org\hibernate\validator\hibernate-validator\6.0.7.Final\hibernate-validator-6.0.7.Final.jar;C:\Users\emiron\.m2\repository\javax\validation\validation-api\2.0.1.Final\validation-api-2.0.1.Final.jar;C:\Users\emiron\.m2\repository\org\jboss\logging\jboss-logging\3.3.1.Final\jboss-logging-3.3.1.Final.jar;C:\Users\emiron\.m2\repository\com\fasterxml\classmate\1.3.4\classmate-1.3.4.jar;C:\Users\emiron\.m2\repository\org\springframework\spring-web\5.0.3.RELEASE\spring-web-5.0.3.RELEASE.jar;C:\Users\emiron\.m2\repository\org\springframework\spring-beans\5.0.3.RELEASE\spring-beans-5.0.3.RELEASE.jar;C:\Users\emiron\.m2\repository\org\springframework\spring-webmvc\5.0.3.RELEASE\spring-webmvc-5.0.3.RELEASE.jar;C:\Users\emiron\.m2\repository\org\springframework\spring-aop\5.0.3.RELEASE\spring-aop-5.0.3.RELEASE.jar;C:\Users\emiron\.m2\repository\org\springframework\spring-context\5.0.3.RELEASE\spring-context-5.0.3.RELEASE.jar;C:\Users\emiron\.m2\repository\org\springframework\spring-expression\5.0.3.RELEASE\spring-expression-5.0.3.RELEASE.jar;C:\Users\emiron\.m2\repository\org\springframework\boot\spring-boot-starter-web-services\2.0.0.BUILD-SNAPSHOT\spring-boot-starter-web-services-2.0.0.BUILD-SNAPSHOT.jar;C:\Users\emiron\.m2\repository\org\springframework\spring-oxm\5.0.3.RELEASE\spring-oxm-5.0.3.RELEASE.jar;C:\Users\emiron\.m2\repository\org\springframework\ws\spring-ws-core\3.0.0.RELEASE\spring-ws-core-3.0.0.RELEASE.jar;C:\Users\emiron\.m2\repository\org\springframework\ws\spring-xml\3.0.0.RELEASE\spring-xml-3.0.0.RELEASE.jar;C:\Users\emiron\.m2\repository\commons-io\commons-io\2.5\commons-io-2.5.jar;C:\Users\emiron\.m2\repository\wsdl4j\wsdl4j\1.6.3\wsdl4j-1.6.3.jar;C:\Users\emiron\.m2\repository\org\springframework\boot\spring-boot-starter-test\2.0.0.BUILD-SNAPSHOT\spring-boot-starter-test-2.0.0.BUILD-SNAPSHOT.jar;C:\Users\emiron\.m2\repository\org\springframework\boot\spring-boot-test\2.0.0.BUILD-SNAPSHOT\spring-boot-test-2.0.0.BUILD-SNAPSHOT.jar;C:\Users\emiron\.m2\repository\org\springframework\boot\spring-boot-test-autoconfigure\2.0.0.BUILD-SNAPSHOT\spring-boot-test-autoconfigure-2.0.0.BUILD-SNAPSHOT.jar;C:\Users\emiron\.m2\repository\com\jayway\jsonpath\json-path\2.4.0\json-path-2.4.0.jar;C:\Users\emiron\.m2\repository\net\minidev\json-smart\2.3\json-smart-2.3.jar;C:\Users\emiron\.m2\repository\net\minidev\accessors-smart\1.2\accessors-smart-1.2.jar;C:\Users\emiron\.m2\repository\org\ow2\asm\asm\5.0.4\asm-5.0.4.jar;C:\Users\emiron\.m2\repository\org\slf4j\slf4j-api\1.7.25\slf4j-api-1.7.25.jar;C:\Users\emiron\.m2\repository\junit\junit\4.12\junit-4.12.jar;C:\Users\emiron\.m2\repository\org\assertj\assertj-core\3.9.0\assertj-core-3.9.0.jar;C:\Users\emiron\.m2\repository\org\mockito\mockito-core\2.13.0\mockito-core-2.13.0.jar;C:\Users\emiron\.m2\repository\net\bytebuddy\byte-buddy\1.7.9\byte-buddy-1.7.9.jar;C:\Users\emiron\.m2\repository\net\bytebuddy\byte-buddy-agent\1.7.9\byte-buddy-agent-1.7.9.jar;C:\Users\emiron\.m2\repository\org\objenesis\objenesis\2.6\objenesis-2.6.jar;C:\Users\emiron\.m2\repository\org\hamcrest\hamcrest-core\1.3\hamcrest-core-1.3.jar;C:\Users\emiron\.m2\repository\org\hamcrest\hamcrest-library\1.3\hamcrest-library-1.3.jar;C:\Users\emiron\.m2\repository\org\skyscreamer\jsonassert\1.5.0\jsonassert-1.5.0.jar;C:\Users\emiron\.m2\repository\com\vaadin\external\google\android-json\0.0.20131108.vaadin1\android-json-0.0.20131108.vaadin1.jar;C:\Users\emiron\.m2\repository\org\springframework\spring-core\5.0.3.RELEASE\spring-core-5.0.3.RELEASE.jar;C:\Users\emiron\.m2\repository\org\springframework\spring-jcl\5.0.3.RELEASE\spring-jcl-5.0.3.RELEASE.jar;C:\Users\emiron\.m2\repository\org\springframework\spring-test\5.0.3.RELEASE\spring-test-5.0.3.RELEASE.jar;C:\Users\emiron\.m2\repository\org\xmlunit\xmlunit-core\2.5.1\xmlunit-core-2.5.1.jar;, java.specification.name=Java Platform API Specification, java.class.version=52.0, sun.management.compiler=HotSpot 64-Bit Tiered Compilers, os.version=6.3, user.home=C:\Users\emiron, user.timezone=America/Sao_Paulo, java.awt.printerjob=sun.awt.windows.WPrinterJob, file.encoding=Cp1252, java.specification.version=1.8, java.class.path=C:\DEV\workspace\springwsdemo\target\test-classes;C:\DEV\workspace\springwsdemo\target\classes;C:\Users\emiron\.m2\repository\org\springframework\boot\spring-boot-starter-web\2.0.0.BUILD-SNAPSHOT\spring-boot-starter-web-2.0.0.BUILD-SNAPSHOT.jar;C:\Users\emiron\.m2\repository\org\springframework\boot\spring-boot-starter\2.0.0.BUILD-SNAPSHOT\spring-boot-starter-2.0.0.BUILD-SNAPSHOT.jar;C:\Users\emiron\.m2\repository\org\springframework\boot\spring-boot\2.0.0.BUILD-SNAPSHOT\spring-boot-2.0.0.BUILD-SNAPSHOT.jar;C:\Users\emiron\.m2\repository\org\springframework\boot\spring-boot-autoconfigure\2.0.0.BUILD-SNAPSHOT\spring-boot-autoconfigure-2.0.0.BUILD-SNAPSHOT.jar;C:\Users\emiron\.m2\repository\org\springframework\boot\spring-boot-starter-logging\2.0.0.BUILD-SNAPSHOT\spring-boot-starter-logging-2.0.0.BUILD-SNAPSHOT.jar;C:\Users\emiron\.m2\repository\ch\qos\logback\logback-classic\1.2.3\logback-classic-1.2.3.jar;C:\Users\emiron\.m2\repository\ch\qos\logback\logback-core\1.2.3\logback-core-1.2.3.jar;C:\Users\emiron\.m2\repository\org\apache\logging\log4j\log4j-to-slf4j\2.10.0\log4j-to-slf4j-2.10.0.jar;C:\Users\emiron\.m2\repository\org\apache\logging\log4j\log4j-api\2.10.0\log4j-api-2.10.0.jar;C:\Users\emiron\.m2\repository\org\slf4j\jul-to-slf4j\1.7.25\jul-to-slf4j-1.7.25.jar;C:\Users\emiron\.m2\repository\javax\annotation\javax.annotation-api\1.3.1\javax.annotation-api-1.3.1.jar;C:\Users\emiron\.m2\repository\org\yaml\snakeyaml\1.19\snakeyaml-1.19.jar;C:\Users\emiron\.m2\repository\org\springframework\boot\spring-boot-starter-json\2.0.0.BUILD-SNAPSHOT\spring-boot-starter-json-2.0.0.BUILD-SNAPSHOT.jar;C:\Users\emiron\.m2\repository\com\fasterxml\jackson\core\jackson-databind\2.9.2\jackson-databind-2.9.2.jar;C:\Users\emiron\.m2\repository\com\fasterxml\jackson\core\jackson-annotations\2.9.0\jackson-annotations-2.9.0.jar;C:\Users\emiron\.m2\repository\com\fasterxml\jackson\core\jackson-core\2.9.2\jackson-core-2.9.2.jar;C:\Users\emiron\.m2\repository\com\fasterxml\jackson\datatype\jackson-datatype-jdk8\2.9.2\jackson-datatype-jdk8-2.9.2.jar;C:\Users\emiron\.m2\repository\com\fasterxml\jackson\datatype\jackson-datatype-jsr310\2.9.2\jackson-datatype-jsr310-2.9.2.jar;C:\Users\emiron\.m2\repository\com\fasterxml\jackson\module\jackson-module-parameter-names\2.9.2\jackson-module-parameter-names-2.9.2.jar;C:\Users\emiron\.m2\repository\org\springframework\boot\spring-boot-starter-tomcat\2.0.0.BUILD-SNAPSHOT\spring-boot-starter-tomcat-2.0.0.BUILD-SNAPSHOT.jar;C:\Users\emiron\.m2\repository\org\apache\tomcat\embed\tomcat-embed-core\8.5.27\tomcat-embed-core-8.5.27.jar;C:\Users\emiron\.m2\repository\org\apache\tomcat\embed\tomcat-embed-el\8.5.27\tomcat-embed-el-8.5.27.jar;C:\Users\emiron\.m2\repository\org\apache\tomcat\embed\tomcat-embed-websocket\8.5.27\tomcat-embed-websocket-8.5.27.jar;C:\Users\emiron\.m2\repository\org\hibernate\validator\hibernate-validator\6.0.7.Final\hibernate-validator-6.0.7.Final.jar;C:\Users\emiron\.m2\repository\javax\validation\validation-api\2.0.1.Final\validation-api-2.0.1.Final.jar;C:\Users\emiron\.m2\repository\org\jboss\logging\jboss-logging\3.3.1.Final\jboss-logging-3.3.1.Final.jar;C:\Users\emiron\.m2\repository\com\fasterxml\classmate\1.3.4\classmate-1.3.4.jar;C:\Users\emiron\.m2\repository\org\springframework\spring-web\5.0.3.RELEASE\spring-web-5.0.3.RELEASE.jar;C:\Users\emiron\.m2\repository\org\springframework\spring-beans\5.0.3.RELEASE\spring-beans-5.0.3.RELEASE.jar;C:\Users\emiron\.m2\repository\org\springframework\spring-webmvc\5.0.3.RELEASE\spring-webmvc-5.0.3.RELEASE.jar;C:\Users\emiron\.m2\repository\org\springframework\spring-aop\5.0.3.RELEASE\spring-aop-5.0.3.RELEASE.jar;C:\Users\emiron\.m2\repository\org\springframework\spring-context\5.0.3.RELEASE\spring-context-5.0.3.RELEASE.jar;C:\Users\emiron\.m2\repository\org\springframework\spring-expression\5.0.3.RELEASE\spring-expression-5.0.3.RELEASE.jar;C:\Users\emiron\.m2\repository\org\springframework\boot\spring-boot-starter-web-services\2.0.0.BUILD-SNAPSHOT\spring-boot-starter-web-services-2.0.0.BUILD-SNAPSHOT.jar;C:\Users\emiron\.m2\repository\org\springframework\spring-oxm\5.0.3.RELEASE\spring-oxm-5.0.3.RELEASE.jar;C:\Users\emiron\.m2\repository\org\springframework\ws\spring-ws-core\3.0.0.RELEASE\spring-ws-core-3.0.0.RELEASE.jar;C:\Users\emiron\.m2\repository\org\springframework\ws\spring-xml\3.0.0.RELEASE\spring-xml-3.0.0.RELEASE.jar;C:\Users\emiron\.m2\repository\commons-io\commons-io\2.5\commons-io-2.5.jar;C:\Users\emiron\.m2\repository\wsdl4j\wsdl4j\1.6.3\wsdl4j-1.6.3.jar;C:\Users\emiron\.m2\repository\org\springframework\boot\spring-boot-starter-test\2.0.0.BUILD-SNAPSHOT\spring-boot-starter-test-2.0.0.BUILD-SNAPSHOT.jar;C:\Users\emiron\.m2\repository\org\springframework\boot\spring-boot-test\2.0.0.BUILD-SNAPSHOT\spring-boot-test-2.0.0.BUILD-SNAPSHOT.jar;C:\Users\emiron\.m2\repository\org\springframework\boot\spring-boot-test-autoconfigure\2.0.0.BUILD-SNAPSHOT\spring-boot-test-autoconfigure-2.0.0.BUILD-SNAPSHOT.jar;C:\Users\emiron\.m2\repository\com\jayway\jsonpath\json-path\2.4.0\json-path-2.4.0.jar;C:\Users\emiron\.m2\repository\net\minidev\json-smart\2.3\json-smart-2.3.jar;C:\Users\emiron\.m2\repository\net\minidev\accessors-smart\1.2\accessors-smart-1.2.jar;C:\Users\emiron\.m2\repository\org\ow2\asm\asm\5.0.4\asm-5.0.4.jar;C:\Users\emiron\.m2\repository\org\slf4j\slf4j-api\1.7.25\slf4j-api-1.7.25.jar;C:\Users\emiron\.m2\repository\junit\junit\4.12\junit-4.12.jar;C:\Users\emiron\.m2\repository\org\assertj\assertj-core\3.9.0\assertj-core-3.9.0.jar;C:\Users\emiron\.m2\repository\org\mockito\mockito-core\2.13.0\mockito-core-2.13.0.jar;C:\Users\emiron\.m2\repository\net\bytebuddy\byte-buddy\1.7.9\byte-buddy-1.7.9.jar;C:\Users\emiron\.m2\repository\net\bytebuddy\byte-buddy-agent\1.7.9\byte-buddy-agent-1.7.9.jar;C:\Users\emiron\.m2\repository\org\objenesis\objenesis\2.6\objenesis-2.6.jar;C:\Users\emiron\.m2\repository\org\hamcrest\hamcrest-core\1.3\hamcrest-core-1.3.jar;C:\Users\emiron\.m2\repository\org\hamcrest\hamcrest-library\1.3\hamcrest-library-1.3.jar;C:\Users\emiron\.m2\repository\org\skyscreamer\jsonassert\1.5.0\jsonassert-1.5.0.jar;C:\Users\emiron\.m2\repository\com\vaadin\external\google\android-json\0.0.20131108.vaadin1\android-json-0.0.20131108.vaadin1.jar;C:\Users\emiron\.m2\repository\org\springframework\spring-core\5.0.3.RELEASE\spring-core-5.0.3.RELEASE.jar;C:\Users\emiron\.m2\repository\org\springframework\spring-jcl\5.0.3.RELEASE\spring-jcl-5.0.3.RELEASE.jar;C:\Users\emiron\.m2\repository\org\springframework\spring-test\5.0.3.RELEASE\spring-test-5.0.3.RELEASE.jar;C:\Users\emiron\.m2\repository\org\xmlunit\xmlunit-core\2.5.1\xmlunit-core-2.5.1.jar;, user.name=emiron, java.vm.specification.version=1.8, sun.java.command=C:\Users\emiron\AppData\Local\Temp\surefire330939047860773620\surefirebooter2117069348441517410.jar C:\Users\emiron\AppData\Local\Temp\surefire330939047860773620 2018-01-27T12-32-58_318-jvmRun1 surefire6768710818312338514tmp surefire_05500611888265104514tmp, java.home=C:\Program Files\Java\jdk1.8.0_72\jre, sun.arch.data.model=64, user.language=pt, java.specification.vendor=Oracle Corporation, awt.toolkit=sun.awt.windows.WToolkit, java.vm.info=mixed mode, java.version=1.8.0_72, java.ext.dirs=C:\Program Files\Java\jdk1.8.0_72\jre\lib\ext;C:\WINDOWS\Sun\Java\lib\ext, sun.boot.class.path=C:\Program Files\Java\jdk1.8.0_72\jre\lib\resources.jar;C:\Program Files\Java\jdk1.8.0_72\jre\lib\rt.jar;C:\Program Files\Java\jdk1.8.0_72\jre\lib\sunrsasign.jar;C:\Program Files\Java\jdk1.8.0_72\jre\lib\jsse.jar;C:\Program Files\Java\jdk1.8.0_72\jre\lib\jce.jar;C:\Program Files\Java\jdk1.8.0_72\jre\lib\charsets.jar;C:\Program Files\Java\jdk1.8.0_72\jre\lib\jfr.jar;C:\Program Files\Java\jdk1.8.0_72\jre\classes, java.vendor=Oracle Corporation, localRepository=C:\Users\emiron\.m2\repository, file.separator=\, java.vendor.url.bug=http://bugreport.sun.com/bugreport/, sun.io.unicode.encoding=UnicodeLittle, sun.cpu.endian=little, sun.desktop=windows, sun.cpu.isalist=amd64}}, SystemEnvironmentPropertySource@2007331442 {name='systemEnvironment', properties={PATH=C:/Program Files/Java/jre1.8.0_91/bin/server;C:/Program Files/Java/jre1.8.0_91/bin;C:/Program Files/Java/jre1.8.0_91/lib/amd64;C:\Program Files (x86)\Python35-32\Scripts\;C:\Program Files (x86)\Python35-32\;C:\Program Files (x86)\Intel\iCLS Client\;C:\Program Files\Intel\iCLS Client\;C:\Program Files (x86)\NVIDIA Corporation\PhysX\Common;C:\ProgramData\Oracle\Java\javapath;C:\WINDOWS\system32;C:\WINDOWS;C:\WINDOWS\System32\Wbem;C:\WINDOWS\System32\WindowsPowerShell\v1.0\;C:\Program Files\Java\jdk1.8.0_72\bin;C:\DEV\maven\apache-maven-3.3.9\bin;C:\Program Files\Intel\Intel(R) Management Engine Components\DAL;C:\Program Files (x86)\Intel\Intel(R) Management Engine Components\DAL;C:\Program Files\Intel\Intel(R) Management Engine Components\IPT;C:\Program Files (x86)\Intel\Intel(R) Management Engine Components\IPT;C:\Program Files (x86)\GtkSharp\2.12\bin;C:\Program Files (x86)\Windows Live\Shared;C:\Program Files\nodejs\;C:\Program Files\MySQL\MySQL Utilities 1.6\;C:\Users\emiron\AppData\Roaming\npm;C:\Program Files (x86)\Microsoft VS Code\bin;C:\DEV\ide\eclipse;, USERDOMAIN_ROAMINGPROFILE=emiron-pc, LOCALAPPDATA=C:\Users\emiron\AppData\Local, PROCESSOR_LEVEL=6, SYSTEMDRIVE=C:, COMMONPROGRAMFILES(X86)=C:\Program Files (x86)\Common Files, FP_NO_HOST_CHECK=NO, USERDOMAIN=emiron-pc, LOGONSERVER=\\EMIRON-PC, JAVA_HOME=C:\Program Files\Java\jdk1.8.0_72, PROMPT=$P$G, SESSIONNAME=Console, ALLUSERSPROFILE=C:\ProgramData, PROGRAMFILES(X86)=C:\Program Files (x86), PROCESSOR_ARCHITECTURE=AMD64, CAMINHO=C:\oraclexe\app\oracle\product\11.2.0\server\bin;, MAVEN_HOME=C:\DEV\maven\apache-maven-3.3.9, PROGRAMFILES=C:\Program Files, =C:=C:\DEV\workspace\springwsdemo, APPDATA=C:\Users\emiron\AppData\Roaming, PSMODULEPATH=C:\WINDOWS\system32\WindowsPowerShell\v1.0\Modules\, PROGRAMW6432=C:\Program Files, GTK_BASEPATH=C:\Program Files (x86)\GtkSharp\2.12\, PROGRAMDATA=C:\ProgramData, SYSTEMROOT=C:\WINDOWS, USERNAME=emiron, SCALA_HOME=C:\Program Files (x86)\scala, PATHEXT=.COM;.EXE;.BAT;.CMD;.VBS;.VBE;.JS;.JSE;.WSF;.WSH;.MSC;.PY;.PYW, OS=Windows_NT, COMMONPROGRAMW6432=C:\Program Files\Common Files, COMPUTERNAME=EMIRON-PC, COMMONPROGRAMFILES=C:\Program Files\Common Files, COMSPEC=C:\WINDOWS\system32\cmd.exe, PROCESSOR_REVISION=3d04, CLASSPATH=C:\DEV\database\derby\instalation\db-derby-10.12.1.1-bin\lib\derbytools.jar;C:\DEV\database\derby\instalation\db-derby-10.12.1.1-bin\lib\derby.jar;C:\DEV\database\derby\instalation\db-derby-10.12.1.1-bin\lib\derbynet.jar;C:\DEV\database\derby\instalation\db-derby-10.12.1.1-bin\lib\derbyclient.jar, WINDIR=C:\WINDOWS, HOMEPATH=\Users\emiron, TEMP=C:\Users\emiron\AppData\Local\Temp, HOMEDRIVE=C:, PROCESSOR_IDENTIFIER=Intel64 Family 6 Model 61 Stepping 4, GenuineIntel, USERPROFILE=C:\Users\emiron, TMP=C:\Users\emiron\AppData\Local\Temp, DERBY_INSTALL=C:\DEV\database\derby\instalation\db-derby-10.12.1.1-bin, PUBLIC=C:\Users\Public, NODE_ENV=development, NUMBER_OF_PROCESSORS=4, =::=::\}}]
12:33:00.198 [main] DEBUG org.springframework.core.io.support.PathMatchingResourcePatternResolver - Resolved classpath location [br/com/emiron/springwsdemo/] to resources [URL [file:/C:/DEV/workspace/springwsdemo/target/test-classes/br/com/emiron/springwsdemo/], URL [file:/C:/DEV/workspace/springwsdemo/target/classes/br/com/emiron/springwsdemo/]]
12:33:00.199 [main] DEBUG org.springframework.core.io.support.PathMatchingResourcePatternResolver - Looking for matching resources in directory tree [C:\DEV\workspace\springwsdemo\target\test-classes\br\com\emiron\springwsdemo]
12:33:00.200 [main] DEBUG org.springframework.core.io.support.PathMatchingResourcePatternResolver - Searching directory [C:\DEV\workspace\springwsdemo\target\test-classes\br\com\emiron\springwsdemo] for files matching pattern [C:/DEV/workspace/springwsdemo/target/test-classes/br/com/emiron/springwsdemo/*.class]
12:33:00.205 [main] DEBUG org.springframework.core.io.support.PathMatchingResourcePatternResolver - Looking for matching resources in directory tree [C:\DEV\workspace\springwsdemo\target\classes\br\com\emiron\springwsdemo]
12:33:00.206 [main] DEBUG org.springframework.core.io.support.PathMatchingResourcePatternResolver - Searching directory [C:\DEV\workspace\springwsdemo\target\classes\br\com\emiron\springwsdemo] for files matching pattern [C:/DEV/workspace/springwsdemo/target/classes/br/com/emiron/springwsdemo/*.class]
12:33:00.207 [main] DEBUG org.springframework.core.io.support.PathMatchingResourcePatternResolver - Resolved location pattern [classpath*:br/com/emiron/springwsdemo/*.class] to resources [file [C:\DEV\workspace\springwsdemo\target\test-classes\br\com\emiron\springwsdemo\SpringwsdemoApplicationTests.class], file [C:\DEV\workspace\springwsdemo\target\classes\br\com\emiron\springwsdemo\SpringwsdemoApplication.class]]
12:33:00.343 [main] DEBUG org.springframework.context.annotation.ClassPathScanningCandidateComponentProvider - Identified candidate component class: file [C:\DEV\workspace\springwsdemo\target\classes\br\com\emiron\springwsdemo\SpringwsdemoApplication.class]
12:33:00.347 [main] INFO org.springframework.boot.test.context.SpringBootTestContextBootstrapper - Found @SpringBootConfiguration br.com.emiron.springwsdemo.SpringwsdemoApplication for test class br.com.emiron.springwsdemo.SpringwsdemoApplicationTests
12:33:00.521 [main] DEBUG org.springframework.boot.test.context.SpringBootTestContextBootstrapper - @TestExecutionListeners is not present for class [br.com.emiron.springwsdemo.SpringwsdemoApplicationTests]: using defaults.
12:33:00.522 [main] INFO org.springframework.boot.test.context.SpringBootTestContextBootstrapper - Loaded default TestExecutionListener class names from location [META-INF/spring.factories]: [org.springframework.boot.test.mock.mockito.MockitoTestExecutionListener, org.springframework.boot.test.mock.mockito.ResetMocksTestExecutionListener, org.springframework.boot.test.autoconfigure.restdocs.RestDocsTestExecutionListener, org.springframework.boot.test.autoconfigure.web.client.MockRestServiceServerResetTestExecutionListener, org.springframework.boot.test.autoconfigure.web.servlet.MockMvcPrintOnlyOnFailureTestExecutionListener, org.springframework.boot.test.autoconfigure.web.servlet.WebDriverTestExecutionListener, org.springframework.test.context.web.ServletTestExecutionListener, org.springframework.test.context.support.DirtiesContextBeforeModesTestExecutionListener, org.springframework.test.context.support.DependencyInjectionTestExecutionListener, org.springframework.test.context.support.DirtiesContextTestExecutionListener, org.springframework.test.context.transaction.TransactionalTestExecutionListener, org.springframework.test.context.jdbc.SqlScriptsTestExecutionListener]
12:33:00.544 [main] DEBUG org.springframework.boot.test.context.SpringBootTestContextBootstrapper - Skipping candidate TestExecutionListener [org.springframework.test.context.transaction.TransactionalTestExecutionListener] due to a missing dependency. Specify custom listener classes or make the default listener classes and their required dependencies available. Offending class: [org/springframework/transaction/interceptor/TransactionAttributeSource]
12:33:00.545 [main] DEBUG org.springframework.boot.test.context.SpringBootTestContextBootstrapper - Skipping candidate TestExecutionListener [org.springframework.test.context.jdbc.SqlScriptsTestExecutionListener] due to a missing dependency. Specify custom listener classes or make the default listener classes and their required dependencies available. Offending class: [org/springframework/transaction/interceptor/TransactionAttribute]
12:33:00.545 [main] INFO org.springframework.boot.test.context.SpringBootTestContextBootstrapper - Using TestExecutionListeners: [org.springframework.test.context.web.ServletTestExecutionListener@175c2241, org.springframework.test.context.support.DirtiesContextBeforeModesTestExecutionListener@5bf0d49, org.springframework.boot.test.autoconfigure.SpringBootDependencyInjectionTestExecutionListener@5b7a5baa, org.springframework.test.context.support.DirtiesContextTestExecutionListener@776aec5c, org.springframework.boot.test.mock.mockito.MockitoTestExecutionListener@1d296da, org.springframework.boot.test.mock.mockito.ResetMocksTestExecutionListener@7c7a06ec, org.springframework.boot.test.autoconfigure.restdocs.RestDocsTestExecutionListener@75d4a5c2, org.springframework.boot.test.autoconfigure.web.client.MockRestServiceServerResetTestExecutionListener@557caf28, org.springframework.boot.test.autoconfigure.web.servlet.MockMvcPrintOnlyOnFailureTestExecutionListener@408d971b, org.springframework.boot.test.autoconfigure.web.servlet.WebDriverTestExecutionListener@6c6cb480]
12:33:00.548 [main] DEBUG org.springframework.test.annotation.ProfileValueUtils - Retrieved @ProfileValueSourceConfiguration [null] for test class [br.com.emiron.springwsdemo.SpringwsdemoApplicationTests]
12:33:00.549 [main] DEBUG org.springframework.test.annotation.ProfileValueUtils - Retrieved ProfileValueSource type [class org.springframework.test.annotation.SystemProfileValueSource] for class [br.com.emiron.springwsdemo.SpringwsdemoApplicationTests]
12:33:00.550 [main] DEBUG org.springframework.test.annotation.ProfileValueUtils - Retrieved @ProfileValueSourceConfiguration [null] for test class [br.com.emiron.springwsdemo.SpringwsdemoApplicationTests]
12:33:00.550 [main] DEBUG org.springframework.test.annotation.ProfileValueUtils - Retrieved ProfileValueSource type [class org.springframework.test.annotation.SystemProfileValueSource] for class [br.com.emiron.springwsdemo.SpringwsdemoApplicationTests]
12:33:00.552 [main] DEBUG org.springframework.test.annotation.ProfileValueUtils - Retrieved @ProfileValueSourceConfiguration [null] for test class [br.com.emiron.springwsdemo.SpringwsdemoApplicationTests]
12:33:00.552 [main] DEBUG org.springframework.test.annotation.ProfileValueUtils - Retrieved ProfileValueSource type [class org.springframework.test.annotation.SystemProfileValueSource] for class [br.com.emiron.springwsdemo.SpringwsdemoApplicationTests]
12:33:00.560 [main] DEBUG org.springframework.test.context.support.AbstractDirtiesContextTestExecutionListener - Before test class: context [DefaultTestContext@dd05255 testClass = SpringwsdemoApplicationTests, testInstance = [null], testMethod = [null], testException = [null], mergedContextConfiguration = [WebMergedContextConfiguration@6a78afa0 testClass = SpringwsdemoApplicationTests, locations = '{}', classes = '{class br.com.emiron.springwsdemo.SpringwsdemoApplication}', contextInitializerClasses = '[]', activeProfiles = '{}', propertySourceLocations = '{}', propertySourceProperties = '{org.springframework.boot.test.context.SpringBootTestContextBootstrapper=true}', contextCustomizers = set[org.springframework.boot.test.context.filter.ExcludeFilterContextCustomizer@47db50c5, org.springframework.boot.test.json.DuplicateJsonObjectContextCustomizerFactory$DuplicateJsonObjectContextCustomizer@954b04f, org.springframework.boot.test.mock.mockito.MockitoContextCustomizer@0, org.springframework.boot.test.web.client.TestRestTemplateTestContextCustomizer@fe18270, org.springframework.boot.test.autoconfigure.properties.PropertyMappingContextCustomizer@0, org.springframework.boot.test.autoconfigure.web.servlet.WebDriverContextCustomizerFactory$Customizer@4bb4de6a], resourceBasePath = 'src/main/webapp', contextLoader = 'org.springframework.boot.test.context.SpringBootContextLoader', parent = [null]], attributes = map['org.springframework.test.context.web.ServletTestExecutionListener.activateListener' -> true]], class annotated with @DirtiesContext [false] with mode [null].
12:33:00.561 [main] DEBUG org.springframework.test.annotation.ProfileValueUtils - Retrieved @ProfileValueSourceConfiguration [null] for test class [br.com.emiron.springwsdemo.SpringwsdemoApplicationTests]
12:33:00.562 [main] DEBUG org.springframework.test.annotation.ProfileValueUtils - Retrieved ProfileValueSource type [class org.springframework.test.annotation.SystemProfileValueSource] for class [br.com.emiron.springwsdemo.SpringwsdemoApplicationTests]
12:33:00.611 [main] DEBUG org.springframework.core.env.StandardEnvironment - Adding PropertySource 'systemProperties' with lowest search precedence
12:33:00.611 [main] DEBUG org.springframework.core.env.StandardEnvironment - Adding PropertySource 'systemEnvironment' with lowest search precedence
12:33:00.611 [main] DEBUG org.springframework.core.env.StandardEnvironment - Initialized StandardEnvironment with PropertySources [MapPropertySource@2151717 {name='systemProperties', properties={java.runtime.name=Java(TM) SE Runtime Environment, sun.boot.library.path=C:\Program Files\Java\jdk1.8.0_72\jre\bin, java.vm.version=25.72-b15, java.vm.vendor=Oracle Corporation, java.vendor.url=http://java.oracle.com/, path.separator=;, java.vm.name=Java HotSpot(TM) 64-Bit Server VM, file.encoding.pkg=sun.io, user.country=BR, user.script=, sun.java.launcher=SUN_STANDARD, sun.os.patch.level=, java.vm.specification.name=Java Virtual Machine Specification, user.dir=C:\DEV\workspace\springwsdemo, java.runtime.version=1.8.0_72-b15, basedir=C:\DEV\workspace\springwsdemo, java.awt.graphicsenv=sun.awt.Win32GraphicsEnvironment, java.endorsed.dirs=C:\Program Files\Java\jdk1.8.0_72\jre\lib\endorsed, os.arch=amd64, surefire.real.class.path=C:\Users\emiron\AppData\Local\Temp\surefire330939047860773620\surefirebooter2117069348441517410.jar, java.io.tmpdir=C:\Users\emiron\AppData\Local\Temp\, line.separator=
, java.vm.specification.vendor=Oracle Corporation, user.variant=, os.name=Windows 8.1, sun.jnu.encoding=Cp1252, java.library.path=C:\Program Files\Java\jdk1.8.0_72\jre\bin;C:\WINDOWS\Sun\Java\bin;C:\WINDOWS\system32;C:\WINDOWS;C:/Program Files/Java/jre1.8.0_91/bin/server;C:/Program Files/Java/jre1.8.0_91/bin;C:/Program Files/Java/jre1.8.0_91/lib/amd64;C:\Program Files (x86)\Python35-32\Scripts\;C:\Program Files (x86)\Python35-32\;C:\Program Files (x86)\Intel\iCLS Client\;C:\Program Files\Intel\iCLS Client\;C:\Program Files (x86)\NVIDIA Corporation\PhysX\Common;C:\ProgramData\Oracle\Java\javapath;C:\WINDOWS\system32;C:\WINDOWS;C:\WINDOWS\System32\Wbem;C:\WINDOWS\System32\WindowsPowerShell\v1.0\;C:\Program Files\Java\jdk1.8.0_72\bin;C:\DEV\maven\apache-maven-3.3.9\bin;C:\Program Files\Intel\Intel(R) Management Engine Components\DAL;C:\Program Files (x86)\Intel\Intel(R) Management Engine Components\DAL;C:\Program Files\Intel\Intel(R) Management Engine Components\IPT;C:\Program Files (x86)\Intel\Intel(R) Management Engine Components\IPT;C:\Program Files (x86)\GtkSharp\2.12\bin;C:\Program Files (x86)\Windows Live\Shared;C:\Program Files\nodejs\;C:\Program Files\MySQL\MySQL Utilities 1.6\;C:\Users\emiron\AppData\Roaming\npm;C:\Program Files (x86)\Microsoft VS Code\bin;C:\DEV\ide\eclipse;;., surefire.test.class.path=C:\DEV\workspace\springwsdemo\target\test-classes;C:\DEV\workspace\springwsdemo\target\classes;C:\Users\emiron\.m2\repository\org\springframework\boot\spring-boot-starter-web\2.0.0.BUILD-SNAPSHOT\spring-boot-starter-web-2.0.0.BUILD-SNAPSHOT.jar;C:\Users\emiron\.m2\repository\org\springframework\boot\spring-boot-starter\2.0.0.BUILD-SNAPSHOT\spring-boot-starter-2.0.0.BUILD-SNAPSHOT.jar;C:\Users\emiron\.m2\repository\org\springframework\boot\spring-boot\2.0.0.BUILD-SNAPSHOT\spring-boot-2.0.0.BUILD-SNAPSHOT.jar;C:\Users\emiron\.m2\repository\org\springframework\boot\spring-boot-autoconfigure\2.0.0.BUILD-SNAPSHOT\spring-boot-autoconfigure-2.0.0.BUILD-SNAPSHOT.jar;C:\Users\emiron\.m2\repository\org\springframework\boot\spring-boot-starter-logging\2.0.0.BUILD-SNAPSHOT\spring-boot-starter-logging-2.0.0.BUILD-SNAPSHOT.jar;C:\Users\emiron\.m2\repository\ch\qos\logback\logback-classic\1.2.3\logback-classic-1.2.3.jar;C:\Users\emiron\.m2\repository\ch\qos\logback\logback-core\1.2.3\logback-core-1.2.3.jar;C:\Users\emiron\.m2\repository\org\apache\logging\log4j\log4j-to-slf4j\2.10.0\log4j-to-slf4j-2.10.0.jar;C:\Users\emiron\.m2\repository\org\apache\logging\log4j\log4j-api\2.10.0\log4j-api-2.10.0.jar;C:\Users\emiron\.m2\repository\org\slf4j\jul-to-slf4j\1.7.25\jul-to-slf4j-1.7.25.jar;C:\Users\emiron\.m2\repository\javax\annotation\javax.annotation-api\1.3.1\javax.annotation-api-1.3.1.jar;C:\Users\emiron\.m2\repository\org\yaml\snakeyaml\1.19\snakeyaml-1.19.jar;C:\Users\emiron\.m2\repository\org\springframework\boot\spring-boot-starter-json\2.0.0.BUILD-SNAPSHOT\spring-boot-starter-json-2.0.0.BUILD-SNAPSHOT.jar;C:\Users\emiron\.m2\repository\com\fasterxml\jackson\core\jackson-databind\2.9.2\jackson-databind-2.9.2.jar;C:\Users\emiron\.m2\repository\com\fasterxml\jackson\core\jackson-annotations\2.9.0\jackson-annotations-2.9.0.jar;C:\Users\emiron\.m2\repository\com\fasterxml\jackson\core\jackson-core\2.9.2\jackson-core-2.9.2.jar;C:\Users\emiron\.m2\repository\com\fasterxml\jackson\datatype\jackson-datatype-jdk8\2.9.2\jackson-datatype-jdk8-2.9.2.jar;C:\Users\emiron\.m2\repository\com\fasterxml\jackson\datatype\jackson-datatype-jsr310\2.9.2\jackson-datatype-jsr310-2.9.2.jar;C:\Users\emiron\.m2\repository\com\fasterxml\jackson\module\jackson-module-parameter-names\2.9.2\jackson-module-parameter-names-2.9.2.jar;C:\Users\emiron\.m2\repository\org\springframework\boot\spring-boot-starter-tomcat\2.0.0.BUILD-SNAPSHOT\spring-boot-starter-tomcat-2.0.0.BUILD-SNAPSHOT.jar;C:\Users\emiron\.m2\repository\org\apache\tomcat\embed\tomcat-embed-core\8.5.27\tomcat-embed-core-8.5.27.jar;C:\Users\emiron\.m2\repository\org\apache\tomcat\embed\tomcat-embed-el\8.5.27\tomcat-embed-el-8.5.27.jar;C:\Users\emiron\.m2\repository\org\apache\tomcat\embed\tomcat-embed-websocket\8.5.27\tomcat-embed-websocket-8.5.27.jar;C:\Users\emiron\.m2\repository\org\hibernate\validator\hibernate-validator\6.0.7.Final\hibernate-validator-6.0.7.Final.jar;C:\Users\emiron\.m2\repository\javax\validation\validation-api\2.0.1.Final\validation-api-2.0.1.Final.jar;C:\Users\emiron\.m2\repository\org\jboss\logging\jboss-logging\3.3.1.Final\jboss-logging-3.3.1.Final.jar;C:\Users\emiron\.m2\repository\com\fasterxml\classmate\1.3.4\classmate-1.3.4.jar;C:\Users\emiron\.m2\repository\org\springframework\spring-web\5.0.3.RELEASE\spring-web-5.0.3.RELEASE.jar;C:\Users\emiron\.m2\repository\org\springframework\spring-beans\5.0.3.RELEASE\spring-beans-5.0.3.RELEASE.jar;C:\Users\emiron\.m2\repository\org\springframework\spring-webmvc\5.0.3.RELEASE\spring-webmvc-5.0.3.RELEASE.jar;C:\Users\emiron\.m2\repository\org\springframework\spring-aop\5.0.3.RELEASE\spring-aop-5.0.3.RELEASE.jar;C:\Users\emiron\.m2\repository\org\springframework\spring-context\5.0.3.RELEASE\spring-context-5.0.3.RELEASE.jar;C:\Users\emiron\.m2\repository\org\springframework\spring-expression\5.0.3.RELEASE\spring-expression-5.0.3.RELEASE.jar;C:\Users\emiron\.m2\repository\org\springframework\boot\spring-boot-starter-web-services\2.0.0.BUILD-SNAPSHOT\spring-boot-starter-web-services-2.0.0.BUILD-SNAPSHOT.jar;C:\Users\emiron\.m2\repository\org\springframework\spring-oxm\5.0.3.RELEASE\spring-oxm-5.0.3.RELEASE.jar;C:\Users\emiron\.m2\repository\org\springframework\ws\spring-ws-core\3.0.0.RELEASE\spring-ws-core-3.0.0.RELEASE.jar;C:\Users\emiron\.m2\repository\org\springframework\ws\spring-xml\3.0.0.RELEASE\spring-xml-3.0.0.RELEASE.jar;C:\Users\emiron\.m2\repository\commons-io\commons-io\2.5\commons-io-2.5.jar;C:\Users\emiron\.m2\repository\wsdl4j\wsdl4j\1.6.3\wsdl4j-1.6.3.jar;C:\Users\emiron\.m2\repository\org\springframework\boot\spring-boot-starter-test\2.0.0.BUILD-SNAPSHOT\spring-boot-starter-test-2.0.0.BUILD-SNAPSHOT.jar;C:\Users\emiron\.m2\repository\org\springframework\boot\spring-boot-test\2.0.0.BUILD-SNAPSHOT\spring-boot-test-2.0.0.BUILD-SNAPSHOT.jar;C:\Users\emiron\.m2\repository\org\springframework\boot\spring-boot-test-autoconfigure\2.0.0.BUILD-SNAPSHOT\spring-boot-test-autoconfigure-2.0.0.BUILD-SNAPSHOT.jar;C:\Users\emiron\.m2\repository\com\jayway\jsonpath\json-path\2.4.0\json-path-2.4.0.jar;C:\Users\emiron\.m2\repository\net\minidev\json-smart\2.3\json-smart-2.3.jar;C:\Users\emiron\.m2\repository\net\minidev\accessors-smart\1.2\accessors-smart-1.2.jar;C:\Users\emiron\.m2\repository\org\ow2\asm\asm\5.0.4\asm-5.0.4.jar;C:\Users\emiron\.m2\repository\org\slf4j\slf4j-api\1.7.25\slf4j-api-1.7.25.jar;C:\Users\emiron\.m2\repository\junit\junit\4.12\junit-4.12.jar;C:\Users\emiron\.m2\repository\org\assertj\assertj-core\3.9.0\assertj-core-3.9.0.jar;C:\Users\emiron\.m2\repository\org\mockito\mockito-core\2.13.0\mockito-core-2.13.0.jar;C:\Users\emiron\.m2\repository\net\bytebuddy\byte-buddy\1.7.9\byte-buddy-1.7.9.jar;C:\Users\emiron\.m2\repository\net\bytebuddy\byte-buddy-agent\1.7.9\byte-buddy-agent-1.7.9.jar;C:\Users\emiron\.m2\repository\org\objenesis\objenesis\2.6\objenesis-2.6.jar;C:\Users\emiron\.m2\repository\org\hamcrest\hamcrest-core\1.3\hamcrest-core-1.3.jar;C:\Users\emiron\.m2\repository\org\hamcrest\hamcrest-library\1.3\hamcrest-library-1.3.jar;C:\Users\emiron\.m2\repository\org\skyscreamer\jsonassert\1.5.0\jsonassert-1.5.0.jar;C:\Users\emiron\.m2\repository\com\vaadin\external\google\android-json\0.0.20131108.vaadin1\android-json-0.0.20131108.vaadin1.jar;C:\Users\emiron\.m2\repository\org\springframework\spring-core\5.0.3.RELEASE\spring-core-5.0.3.RELEASE.jar;C:\Users\emiron\.m2\repository\org\springframework\spring-jcl\5.0.3.RELEASE\spring-jcl-5.0.3.RELEASE.jar;C:\Users\emiron\.m2\repository\org\springframework\spring-test\5.0.3.RELEASE\spring-test-5.0.3.RELEASE.jar;C:\Users\emiron\.m2\repository\org\xmlunit\xmlunit-core\2.5.1\xmlunit-core-2.5.1.jar;, java.specification.name=Java Platform API Specification, java.class.version=52.0, sun.management.compiler=HotSpot 64-Bit Tiered Compilers, os.version=6.3, user.home=C:\Users\emiron, user.timezone=America/Sao_Paulo, java.awt.printerjob=sun.awt.windows.WPrinterJob, file.encoding=Cp1252, java.specification.version=1.8, java.class.path=C:\DEV\workspace\springwsdemo\target\test-classes;C:\DEV\workspace\springwsdemo\target\classes;C:\Users\emiron\.m2\repository\org\springframework\boot\spring-boot-starter-web\2.0.0.BUILD-SNAPSHOT\spring-boot-starter-web-2.0.0.BUILD-SNAPSHOT.jar;C:\Users\emiron\.m2\repository\org\springframework\boot\spring-boot-starter\2.0.0.BUILD-SNAPSHOT\spring-boot-starter-2.0.0.BUILD-SNAPSHOT.jar;C:\Users\emiron\.m2\repository\org\springframework\boot\spring-boot\2.0.0.BUILD-SNAPSHOT\spring-boot-2.0.0.BUILD-SNAPSHOT.jar;C:\Users\emiron\.m2\repository\org\springframework\boot\spring-boot-autoconfigure\2.0.0.BUILD-SNAPSHOT\spring-boot-autoconfigure-2.0.0.BUILD-SNAPSHOT.jar;C:\Users\emiron\.m2\repository\org\springframework\boot\spring-boot-starter-logging\2.0.0.BUILD-SNAPSHOT\spring-boot-starter-logging-2.0.0.BUILD-SNAPSHOT.jar;C:\Users\emiron\.m2\repository\ch\qos\logback\logback-classic\1.2.3\logback-classic-1.2.3.jar;C:\Users\emiron\.m2\repository\ch\qos\logback\logback-core\1.2.3\logback-core-1.2.3.jar;C:\Users\emiron\.m2\repository\org\apache\logging\log4j\log4j-to-slf4j\2.10.0\log4j-to-slf4j-2.10.0.jar;C:\Users\emiron\.m2\repository\org\apache\logging\log4j\log4j-api\2.10.0\log4j-api-2.10.0.jar;C:\Users\emiron\.m2\repository\org\slf4j\jul-to-slf4j\1.7.25\jul-to-slf4j-1.7.25.jar;C:\Users\emiron\.m2\repository\javax\annotation\javax.annotation-api\1.3.1\javax.annotation-api-1.3.1.jar;C:\Users\emiron\.m2\repository\org\yaml\snakeyaml\1.19\snakeyaml-1.19.jar;C:\Users\emiron\.m2\repository\org\springframework\boot\spring-boot-starter-json\2.0.0.BUILD-SNAPSHOT\spring-boot-starter-json-2.0.0.BUILD-SNAPSHOT.jar;C:\Users\emiron\.m2\repository\com\fasterxml\jackson\core\jackson-databind\2.9.2\jackson-databind-2.9.2.jar;C:\Users\emiron\.m2\repository\com\fasterxml\jackson\core\jackson-annotations\2.9.0\jackson-annotations-2.9.0.jar;C:\Users\emiron\.m2\repository\com\fasterxml\jackson\core\jackson-core\2.9.2\jackson-core-2.9.2.jar;C:\Users\emiron\.m2\repository\com\fasterxml\jackson\datatype\jackson-datatype-jdk8\2.9.2\jackson-datatype-jdk8-2.9.2.jar;C:\Users\emiron\.m2\repository\com\fasterxml\jackson\datatype\jackson-datatype-jsr310\2.9.2\jackson-datatype-jsr310-2.9.2.jar;C:\Users\emiron\.m2\repository\com\fasterxml\jackson\module\jackson-module-parameter-names\2.9.2\jackson-module-parameter-names-2.9.2.jar;C:\Users\emiron\.m2\repository\org\springframework\boot\spring-boot-starter-tomcat\2.0.0.BUILD-SNAPSHOT\spring-boot-starter-tomcat-2.0.0.BUILD-SNAPSHOT.jar;C:\Users\emiron\.m2\repository\org\apache\tomcat\embed\tomcat-embed-core\8.5.27\tomcat-embed-core-8.5.27.jar;C:\Users\emiron\.m2\repository\org\apache\tomcat\embed\tomcat-embed-el\8.5.27\tomcat-embed-el-8.5.27.jar;C:\Users\emiron\.m2\repository\org\apache\tomcat\embed\tomcat-embed-websocket\8.5.27\tomcat-embed-websocket-8.5.27.jar;C:\Users\emiron\.m2\repository\org\hibernate\validator\hibernate-validator\6.0.7.Final\hibernate-validator-6.0.7.Final.jar;C:\Users\emiron\.m2\repository\javax\validation\validation-api\2.0.1.Final\validation-api-2.0.1.Final.jar;C:\Users\emiron\.m2\repository\org\jboss\logging\jboss-logging\3.3.1.Final\jboss-logging-3.3.1.Final.jar;C:\Users\emiron\.m2\repository\com\fasterxml\classmate\1.3.4\classmate-1.3.4.jar;C:\Users\emiron\.m2\repository\org\springframework\spring-web\5.0.3.RELEASE\spring-web-5.0.3.RELEASE.jar;C:\Users\emiron\.m2\repository\org\springframework\spring-beans\5.0.3.RELEASE\spring-beans-5.0.3.RELEASE.jar;C:\Users\emiron\.m2\repository\org\springframework\spring-webmvc\5.0.3.RELEASE\spring-webmvc-5.0.3.RELEASE.jar;C:\Users\emiron\.m2\repository\org\springframework\spring-aop\5.0.3.RELEASE\spring-aop-5.0.3.RELEASE.jar;C:\Users\emiron\.m2\repository\org\springframework\spring-context\5.0.3.RELEASE\spring-context-5.0.3.RELEASE.jar;C:\Users\emiron\.m2\repository\org\springframework\spring-expression\5.0.3.RELEASE\spring-expression-5.0.3.RELEASE.jar;C:\Users\emiron\.m2\repository\org\springframework\boot\spring-boot-starter-web-services\2.0.0.BUILD-SNAPSHOT\spring-boot-starter-web-services-2.0.0.BUILD-SNAPSHOT.jar;C:\Users\emiron\.m2\repository\org\springframework\spring-oxm\5.0.3.RELEASE\spring-oxm-5.0.3.RELEASE.jar;C:\Users\emiron\.m2\repository\org\springframework\ws\spring-ws-core\3.0.0.RELEASE\spring-ws-core-3.0.0.RELEASE.jar;C:\Users\emiron\.m2\repository\org\springframework\ws\spring-xml\3.0.0.RELEASE\spring-xml-3.0.0.RELEASE.jar;C:\Users\emiron\.m2\repository\commons-io\commons-io\2.5\commons-io-2.5.jar;C:\Users\emiron\.m2\repository\wsdl4j\wsdl4j\1.6.3\wsdl4j-1.6.3.jar;C:\Users\emiron\.m2\repository\org\springframework\boot\spring-boot-starter-test\2.0.0.BUILD-SNAPSHOT\spring-boot-starter-test-2.0.0.BUILD-SNAPSHOT.jar;C:\Users\emiron\.m2\repository\org\springframework\boot\spring-boot-test\2.0.0.BUILD-SNAPSHOT\spring-boot-test-2.0.0.BUILD-SNAPSHOT.jar;C:\Users\emiron\.m2\repository\org\springframework\boot\spring-boot-test-autoconfigure\2.0.0.BUILD-SNAPSHOT\spring-boot-test-autoconfigure-2.0.0.BUILD-SNAPSHOT.jar;C:\Users\emiron\.m2\repository\com\jayway\jsonpath\json-path\2.4.0\json-path-2.4.0.jar;C:\Users\emiron\.m2\repository\net\minidev\json-smart\2.3\json-smart-2.3.jar;C:\Users\emiron\.m2\repository\net\minidev\accessors-smart\1.2\accessors-smart-1.2.jar;C:\Users\emiron\.m2\repository\org\ow2\asm\asm\5.0.4\asm-5.0.4.jar;C:\Users\emiron\.m2\repository\org\slf4j\slf4j-api\1.7.25\slf4j-api-1.7.25.jar;C:\Users\emiron\.m2\repository\junit\junit\4.12\junit-4.12.jar;C:\Users\emiron\.m2\repository\org\assertj\assertj-core\3.9.0\assertj-core-3.9.0.jar;C:\Users\emiron\.m2\repository\org\mockito\mockito-core\2.13.0\mockito-core-2.13.0.jar;C:\Users\emiron\.m2\repository\net\bytebuddy\byte-buddy\1.7.9\byte-buddy-1.7.9.jar;C:\Users\emiron\.m2\repository\net\bytebuddy\byte-buddy-agent\1.7.9\byte-buddy-agent-1.7.9.jar;C:\Users\emiron\.m2\repository\org\objenesis\objenesis\2.6\objenesis-2.6.jar;C:\Users\emiron\.m2\repository\org\hamcrest\hamcrest-core\1.3\hamcrest-core-1.3.jar;C:\Users\emiron\.m2\repository\org\hamcrest\hamcrest-library\1.3\hamcrest-library-1.3.jar;C:\Users\emiron\.m2\repository\org\skyscreamer\jsonassert\1.5.0\jsonassert-1.5.0.jar;C:\Users\emiron\.m2\repository\com\vaadin\external\google\android-json\0.0.20131108.vaadin1\android-json-0.0.20131108.vaadin1.jar;C:\Users\emiron\.m2\repository\org\springframework\spring-core\5.0.3.RELEASE\spring-core-5.0.3.RELEASE.jar;C:\Users\emiron\.m2\repository\org\springframework\spring-jcl\5.0.3.RELEASE\spring-jcl-5.0.3.RELEASE.jar;C:\Users\emiron\.m2\repository\org\springframework\spring-test\5.0.3.RELEASE\spring-test-5.0.3.RELEASE.jar;C:\Users\emiron\.m2\repository\org\xmlunit\xmlunit-core\2.5.1\xmlunit-core-2.5.1.jar;, user.name=emiron, java.vm.specification.version=1.8, sun.java.command=C:\Users\emiron\AppData\Local\Temp\surefire330939047860773620\surefirebooter2117069348441517410.jar C:\Users\emiron\AppData\Local\Temp\surefire330939047860773620 2018-01-27T12-32-58_318-jvmRun1 surefire6768710818312338514tmp surefire_05500611888265104514tmp, java.home=C:\Program Files\Java\jdk1.8.0_72\jre, sun.arch.data.model=64, user.language=pt, java.specification.vendor=Oracle Corporation, awt.toolkit=sun.awt.windows.WToolkit, java.vm.info=mixed mode, java.version=1.8.0_72, java.ext.dirs=C:\Program Files\Java\jdk1.8.0_72\jre\lib\ext;C:\WINDOWS\Sun\Java\lib\ext, sun.boot.class.path=C:\Program Files\Java\jdk1.8.0_72\jre\lib\resources.jar;C:\Program Files\Java\jdk1.8.0_72\jre\lib\rt.jar;C:\Program Files\Java\jdk1.8.0_72\jre\lib\sunrsasign.jar;C:\Program Files\Java\jdk1.8.0_72\jre\lib\jsse.jar;C:\Program Files\Java\jdk1.8.0_72\jre\lib\jce.jar;C:\Program Files\Java\jdk1.8.0_72\jre\lib\charsets.jar;C:\Program Files\Java\jdk1.8.0_72\jre\lib\jfr.jar;C:\Program Files\Java\jdk1.8.0_72\jre\classes, java.vendor=Oracle Corporation, localRepository=C:\Users\emiron\.m2\repository, file.separator=\, java.vendor.url.bug=http://bugreport.sun.com/bugreport/, sun.io.unicode.encoding=UnicodeLittle, sun.cpu.endian=little, sun.desktop=windows, sun.cpu.isalist=amd64}}, SystemEnvironmentPropertySource@1644231115 {name='systemEnvironment', properties={PATH=C:/Program Files/Java/jre1.8.0_91/bin/server;C:/Program Files/Java/jre1.8.0_91/bin;C:/Program Files/Java/jre1.8.0_91/lib/amd64;C:\Program Files (x86)\Python35-32\Scripts\;C:\Program Files (x86)\Python35-32\;C:\Program Files (x86)\Intel\iCLS Client\;C:\Program Files\Intel\iCLS Client\;C:\Program Files (x86)\NVIDIA Corporation\PhysX\Common;C:\ProgramData\Oracle\Java\javapath;C:\WINDOWS\system32;C:\WINDOWS;C:\WINDOWS\System32\Wbem;C:\WINDOWS\System32\WindowsPowerShell\v1.0\;C:\Program Files\Java\jdk1.8.0_72\bin;C:\DEV\maven\apache-maven-3.3.9\bin;C:\Program Files\Intel\Intel(R) Management Engine Components\DAL;C:\Program Files (x86)\Intel\Intel(R) Management Engine Components\DAL;C:\Program Files\Intel\Intel(R) Management Engine Components\IPT;C:\Program Files (x86)\Intel\Intel(R) Management Engine Components\IPT;C:\Program Files (x86)\GtkSharp\2.12\bin;C:\Program Files (x86)\Windows Live\Shared;C:\Program Files\nodejs\;C:\Program Files\MySQL\MySQL Utilities 1.6\;C:\Users\emiron\AppData\Roaming\npm;C:\Program Files (x86)\Microsoft VS Code\bin;C:\DEV\ide\eclipse;, USERDOMAIN_ROAMINGPROFILE=emiron-pc, LOCALAPPDATA=C:\Users\emiron\AppData\Local, PROCESSOR_LEVEL=6, SYSTEMDRIVE=C:, COMMONPROGRAMFILES(X86)=C:\Program Files (x86)\Common Files, FP_NO_HOST_CHECK=NO, USERDOMAIN=emiron-pc, LOGONSERVER=\\EMIRON-PC, JAVA_HOME=C:\Program Files\Java\jdk1.8.0_72, PROMPT=$P$G, SESSIONNAME=Console, ALLUSERSPROFILE=C:\ProgramData, PROGRAMFILES(X86)=C:\Program Files (x86), PROCESSOR_ARCHITECTURE=AMD64, CAMINHO=C:\oraclexe\app\oracle\product\11.2.0\server\bin;, MAVEN_HOME=C:\DEV\maven\apache-maven-3.3.9, PROGRAMFILES=C:\Program Files, =C:=C:\DEV\workspace\springwsdemo, APPDATA=C:\Users\emiron\AppData\Roaming, PSMODULEPATH=C:\WINDOWS\system32\WindowsPowerShell\v1.0\Modules\, PROGRAMW6432=C:\Program Files, GTK_BASEPATH=C:\Program Files (x86)\GtkSharp\2.12\, PROGRAMDATA=C:\ProgramData, SYSTEMROOT=C:\WINDOWS, USERNAME=emiron, SCALA_HOME=C:\Program Files (x86)\scala, PATHEXT=.COM;.EXE;.BAT;.CMD;.VBS;.VBE;.JS;.JSE;.WSF;.WSH;.MSC;.PY;.PYW, OS=Windows_NT, COMMONPROGRAMW6432=C:\Program Files\Common Files, COMPUTERNAME=EMIRON-PC, COMMONPROGRAMFILES=C:\Program Files\Common Files, COMSPEC=C:\WINDOWS\system32\cmd.exe, PROCESSOR_REVISION=3d04, CLASSPATH=C:\DEV\database\derby\instalation\db-derby-10.12.1.1-bin\lib\derbytools.jar;C:\DEV\database\derby\instalation\db-derby-10.12.1.1-bin\lib\derby.jar;C:\DEV\database\derby\instalation\db-derby-10.12.1.1-bin\lib\derbynet.jar;C:\DEV\database\derby\instalation\db-derby-10.12.1.1-bin\lib\derbyclient.jar, WINDIR=C:\WINDOWS, HOMEPATH=\Users\emiron, TEMP=C:\Users\emiron\AppData\Local\Temp, HOMEDRIVE=C:, PROCESSOR_IDENTIFIER=Intel64 Family 6 Model 61 Stepping 4, GenuineIntel, USERPROFILE=C:\Users\emiron, TMP=C:\Users\emiron\AppData\Local\Temp, DERBY_INSTALL=C:\DEV\database\derby\instalation\db-derby-10.12.1.1-bin, PUBLIC=C:\Users\Public, NODE_ENV=development, NUMBER_OF_PROCESSORS=4, =::=::\}}]
12:33:00.620 [main] DEBUG org.springframework.test.context.support.TestPropertySourceUtils - Adding inlined properties to environment: {spring.jmx.enabled=false, org.springframework.boot.test.context.SpringBootTestContextBootstrapper=true, server.port=-1}
12:33:00.621 [main] DEBUG org.springframework.core.env.StandardEnvironment - Adding PropertySource 'Inlined Test Properties' with highest search precedence

  .   ____          _            __ _ _
 /\\ / ___'_ __ _ _(_)_ __  __ _ \ \ \ \
( ( )\___ | '_ | '_| | '_ \/ _` | \ \ \ \
 \\/  ___)| |_)| | | | | || (_| |  ) ) ) )
  '  |____| .__|_| |_|_| |_\__, | / / / /
 =========|_|==============|___/=/_/_/_/
 :: Spring Boot ::  (v2.0.0.BUILD-SNAPSHOT)

2018-01-27 12:33:01.161  INFO 1704 --- [           main] b.c.e.s.SpringwsdemoApplicationTests     : Starting SpringwsdemoApplicationTests on emiron-pc with PID 1704 (started by emiron in C:\DEV\workspace\springwsdemo)
2018-01-27 12:33:01.163  INFO 1704 --- [           main] b.c.e.s.SpringwsdemoApplicationTests     : No active profile set, falling back to default profiles: default
2018-01-27 12:33:01.235  INFO 1704 --- [           main] o.s.w.c.s.GenericWebApplicationContext   : Refreshing org.springframework.web.context.support.GenericWebApplicationContext@791f145a: startup date [Sat Jan 27 12:33:01 BRST 2018]; root of context hierarchy
2018-01-27 12:33:03.171  INFO 1704 --- [           main] trationDelegate$BeanPostProcessorChecker : Bean 'webServiceConfig' of type [br.com.emiron.springwsdemo.wsconfig.WebServiceConfig$$EnhancerBySpringCGLIB$$6dbf0472] is not eligible for getting processed by all BeanPostProcessors (for example: not eligible for auto-proxying)
2018-01-27 12:33:03.179  INFO 1704 --- [           main] trationDelegate$BeanPostProcessorChecker : Bean 'org.springframework.ws.config.annotation.DelegatingWsConfiguration' of type [org.springframework.ws.config.annotation.DelegatingWsConfiguration$$EnhancerBySpringCGLIB$$49ce8528] is not eligible for getting processed by all BeanPostProcessors (for example: not eligible for auto-proxying)
2018-01-27 12:33:03.257  INFO 1704 --- [           main] .w.s.a.s.AnnotationActionEndpointMapping : Supporting [WS-Addressing August 2004, WS-Addressing 1.0]
2018-01-27 12:33:03.364  WARN 1704 --- [           main] o.s.w.c.s.GenericWebApplicationContext   : Exception encountered during context initialization - cancelling refresh attempt: org.springframework.beans.factory.BeanCreationException: Error creating bean with name 'payloadRootAnnotationMethodEndpointMapping' defined in class path resource [org/springframework/ws/config/annotation/DelegatingWsConfiguration.class]: Initialization of bean failed; nested exception is org.springframework.context.ApplicationContextException: Cannot map endpoint [public io.spring.guides.gs_producing_web_service.GetCountryResponse br.com.emiron.springwsdemo.endpoint.PersonEndpoint.getCountry(io.spring.guides.gs_producing_web_service.GetCountryRequest)] on registration key [{http://spring.io/guides/gs-producing-web-service}getCountryRequest]: there's already endpoint [public io.spring.guides.gs_producing_web_service.GetCountryResponse br.com.emiron.springwsdemo.endpoint.CountryEndpoint.getCountry(io.spring.guides.gs_producing_web_service.GetCountryRequest)] mapped
2018-01-27 12:33:03.380  INFO 1704 --- [           main] ConditionEvaluationReportLoggingListener : 

Error starting ApplicationContext. To display the conditions report re-run your application with 'debug' enabled.
2018-01-27 12:33:03.390 ERROR 1704 --- [           main] o.s.boot.SpringApplication               : Application run failed

org.springframework.beans.factory.BeanCreationException: Error creating bean with name 'payloadRootAnnotationMethodEndpointMapping' defined in class path resource [org/springframework/ws/config/annotation/DelegatingWsConfiguration.class]: Initialization of bean failed; nested exception is org.springframework.context.ApplicationContextException: Cannot map endpoint [public io.spring.guides.gs_producing_web_service.GetCountryResponse br.com.emiron.springwsdemo.endpoint.PersonEndpoint.getCountry(io.spring.guides.gs_producing_web_service.GetCountryRequest)] on registration key [{http://spring.io/guides/gs-producing-web-service}getCountryRequest]: there's already endpoint [public io.spring.guides.gs_producing_web_service.GetCountryResponse br.com.emiron.springwsdemo.endpoint.CountryEndpoint.getCountry(io.spring.guides.gs_producing_web_service.GetCountryRequest)] mapped
	at org.springframework.beans.factory.support.AbstractAutowireCapableBeanFactory.doCreateBean(AbstractAutowireCapableBeanFactory.java:591) ~[spring-beans-5.0.3.RELEASE.jar:5.0.3.RELEASE]
	at org.springframework.beans.factory.support.AbstractAutowireCapableBeanFactory.createBean(AbstractAutowireCapableBeanFactory.java:502) ~[spring-beans-5.0.3.RELEASE.jar:5.0.3.RELEASE]
	at org.springframework.beans.factory.support.AbstractBeanFactory.lambda$doGetBean$0(AbstractBeanFactory.java:312) ~[spring-beans-5.0.3.RELEASE.jar:5.0.3.RELEASE]
	at org.springframework.beans.factory.support.DefaultSingletonBeanRegistry.getSingleton(DefaultSingletonBeanRegistry.java:228) ~[spring-beans-5.0.3.RELEASE.jar:5.0.3.RELEASE]
	at org.springframework.beans.factory.support.AbstractBeanFactory.doGetBean(AbstractBeanFactory.java:310) ~[spring-beans-5.0.3.RELEASE.jar:5.0.3.RELEASE]
	at org.springframework.beans.factory.support.AbstractBeanFactory.getBean(AbstractBeanFactory.java:200) ~[spring-beans-5.0.3.RELEASE.jar:5.0.3.RELEASE]
	at org.springframework.beans.factory.support.DefaultListableBeanFactory.preInstantiateSingletons(DefaultListableBeanFactory.java:761) ~[spring-beans-5.0.3.RELEASE.jar:5.0.3.RELEASE]
	at org.springframework.context.support.AbstractApplicationContext.finishBeanFactoryInitialization(AbstractApplicationContext.java:868) ~[spring-context-5.0.3.RELEASE.jar:5.0.3.RELEASE]
	at org.springframework.context.support.AbstractApplicationContext.refresh(AbstractApplicationContext.java:549) ~[spring-context-5.0.3.RELEASE.jar:5.0.3.RELEASE]
	at org.springframework.boot.SpringApplication.refresh(SpringApplication.java:752) ~[spring-boot-2.0.0.BUILD-SNAPSHOT.jar:2.0.0.BUILD-SNAPSHOT]
	at org.springframework.boot.SpringApplication.refreshContext(SpringApplication.java:388) ~[spring-boot-2.0.0.BUILD-SNAPSHOT.jar:2.0.0.BUILD-SNAPSHOT]
	at org.springframework.boot.SpringApplication.run(SpringApplication.java:327) ~[spring-boot-2.0.0.BUILD-SNAPSHOT.jar:2.0.0.BUILD-SNAPSHOT]
	at org.springframework.boot.test.context.SpringBootContextLoader.loadContext(SpringBootContextLoader.java:138) [spring-boot-test-2.0.0.BUILD-SNAPSHOT.jar:2.0.0.BUILD-SNAPSHOT]
	at org.springframework.test.context.cache.DefaultCacheAwareContextLoaderDelegate.loadContextInternal(DefaultCacheAwareContextLoaderDelegate.java:99) [spring-test-5.0.3.RELEASE.jar:5.0.3.RELEASE]
	at org.springframework.test.context.cache.DefaultCacheAwareContextLoaderDelegate.loadContext(DefaultCacheAwareContextLoaderDelegate.java:117) [spring-test-5.0.3.RELEASE.jar:5.0.3.RELEASE]
	at org.springframework.test.context.support.DefaultTestContext.getApplicationContext(DefaultTestContext.java:107) [spring-test-5.0.3.RELEASE.jar:5.0.3.RELEASE]
	at org.springframework.test.context.web.ServletTestExecutionListener.setUpRequestContextIfNecessary(ServletTestExecutionListener.java:190) [spring-test-5.0.3.RELEASE.jar:5.0.3.RELEASE]
	at org.springframework.test.context.web.ServletTestExecutionListener.prepareTestInstance(ServletTestExecutionListener.java:132) [spring-test-5.0.3.RELEASE.jar:5.0.3.RELEASE]
	at org.springframework.test.context.TestContextManager.prepareTestInstance(TestContextManager.java:242) [spring-test-5.0.3.RELEASE.jar:5.0.3.RELEASE]
	at org.springframework.test.context.junit4.SpringJUnit4ClassRunner.createTest(SpringJUnit4ClassRunner.java:227) [spring-test-5.0.3.RELEASE.jar:5.0.3.RELEASE]
	at org.springframework.test.context.junit4.SpringJUnit4ClassRunner$1.runReflectiveCall(SpringJUnit4ClassRunner.java:289) [spring-test-5.0.3.RELEASE.jar:5.0.3.RELEASE]
	at org.junit.internal.runners.model.ReflectiveCallable.run(ReflectiveCallable.java:12) [junit-4.12.jar:4.12]
	at org.springframework.test.context.junit4.SpringJUnit4ClassRunner.methodBlock(SpringJUnit4ClassRunner.java:291) [spring-test-5.0.3.RELEASE.jar:5.0.3.RELEASE]
	at org.springframework.test.context.junit4.SpringJUnit4ClassRunner.runChild(SpringJUnit4ClassRunner.java:246) [spring-test-5.0.3.RELEASE.jar:5.0.3.RELEASE]
	at org.springframework.test.context.junit4.SpringJUnit4ClassRunner.runChild(SpringJUnit4ClassRunner.java:97) [spring-test-5.0.3.RELEASE.jar:5.0.3.RELEASE]
	at org.junit.runners.ParentRunner$3.run(ParentRunner.java:290) [junit-4.12.jar:4.12]
	at org.junit.runners.ParentRunner$1.schedule(ParentRunner.java:71) [junit-4.12.jar:4.12]
	at org.junit.runners.ParentRunner.runChildren(ParentRunner.java:288) [junit-4.12.jar:4.12]
	at org.junit.runners.ParentRunner.access$000(ParentRunner.java:58) [junit-4.12.jar:4.12]
	at org.junit.runners.ParentRunner$2.evaluate(ParentRunner.java:268) [junit-4.12.jar:4.12]
	at org.springframework.test.context.junit4.statements.RunBeforeTestClassCallbacks.evaluate(RunBeforeTestClassCallbacks.java:61) [spring-test-5.0.3.RELEASE.jar:5.0.3.RELEASE]
	at org.springframework.test.context.junit4.statements.RunAfterTestClassCallbacks.evaluate(RunAfterTestClassCallbacks.java:70) [spring-test-5.0.3.RELEASE.jar:5.0.3.RELEASE]
	at org.junit.runners.ParentRunner.run(ParentRunner.java:363) [junit-4.12.jar:4.12]
	at org.springframework.test.context.junit4.SpringJUnit4ClassRunner.run(SpringJUnit4ClassRunner.java:190) [spring-test-5.0.3.RELEASE.jar:5.0.3.RELEASE]
	at org.apache.maven.surefire.junit4.JUnit4Provider.execute(JUnit4Provider.java:369) [surefire-junit4-2.20.1.jar:2.20.1]
	at org.apache.maven.surefire.junit4.JUnit4Provider.executeWithRerun(JUnit4Provider.java:275) [surefire-junit4-2.20.1.jar:2.20.1]
	at org.apache.maven.surefire.junit4.JUnit4Provider.executeTestSet(JUnit4Provider.java:239) [surefire-junit4-2.20.1.jar:2.20.1]
	at org.apache.maven.surefire.junit4.JUnit4Provider.invoke(JUnit4Provider.java:160) [surefire-junit4-2.20.1.jar:2.20.1]
	at org.apache.maven.surefire.booter.ForkedBooter.invokeProviderInSameClassLoader(ForkedBooter.java:373) [surefire-booter-2.20.1.jar:2.20.1]
	at org.apache.maven.surefire.booter.ForkedBooter.runSuitesInProcess(ForkedBooter.java:334) [surefire-booter-2.20.1.jar:2.20.1]
	at org.apache.maven.surefire.booter.ForkedBooter.execute(ForkedBooter.java:119) [surefire-booter-2.20.1.jar:2.20.1]
	at org.apache.maven.surefire.booter.ForkedBooter.main(ForkedBooter.java:407) [surefire-booter-2.20.1.jar:2.20.1]
Caused by: org.springframework.context.ApplicationContextException: Cannot map endpoint [public io.spring.guides.gs_producing_web_service.GetCountryResponse br.com.emiron.springwsdemo.endpoint.PersonEndpoint.getCountry(io.spring.guides.gs_producing_web_service.GetCountryRequest)] on registration key [{http://spring.io/guides/gs-producing-web-service}getCountryRequest]: there's already endpoint [public io.spring.guides.gs_producing_web_service.GetCountryResponse br.com.emiron.springwsdemo.endpoint.CountryEndpoint.getCountry(io.spring.guides.gs_producing_web_service.GetCountryRequest)] mapped
	at org.springframework.ws.server.endpoint.mapping.AbstractMethodEndpointMapping.registerEndpoint(AbstractMethodEndpointMapping.java:99) ~[spring-ws-core-3.0.0.RELEASE.jar:na]
	at org.springframework.ws.server.endpoint.mapping.AbstractMethodEndpointMapping.registerMethods(AbstractMethodEndpointMapping.java:154) ~[spring-ws-core-3.0.0.RELEASE.jar:na]
	at org.springframework.ws.server.endpoint.mapping.AbstractAnnotationMethodEndpointMapping.initApplicationContext(AbstractAnnotationMethodEndpointMapping.java:72) ~[spring-ws-core-3.0.0.RELEASE.jar:na]
	at org.springframework.context.support.ApplicationObjectSupport.initApplicationContext(ApplicationObjectSupport.java:124) ~[spring-context-5.0.3.RELEASE.jar:5.0.3.RELEASE]
	at org.springframework.context.support.ApplicationObjectSupport.setApplicationContext(ApplicationObjectSupport.java:78) ~[spring-context-5.0.3.RELEASE.jar:5.0.3.RELEASE]
	at org.springframework.context.support.ApplicationContextAwareProcessor.invokeAwareInterfaces(ApplicationContextAwareProcessor.java:120) ~[spring-context-5.0.3.RELEASE.jar:5.0.3.RELEASE]
	at org.springframework.context.support.ApplicationContextAwareProcessor.postProcessBeforeInitialization(ApplicationContextAwareProcessor.java:96) ~[spring-context-5.0.3.RELEASE.jar:5.0.3.RELEASE]
	at org.springframework.beans.factory.support.AbstractAutowireCapableBeanFactory.applyBeanPostProcessorsBeforeInitialization(AbstractAutowireCapableBeanFactory.java:423) ~[spring-beans-5.0.3.RELEASE.jar:5.0.3.RELEASE]
	at org.springframework.beans.factory.support.AbstractAutowireCapableBeanFactory.initializeBean(AbstractAutowireCapableBeanFactory.java:1702) ~[spring-beans-5.0.3.RELEASE.jar:5.0.3.RELEASE]
	at org.springframework.beans.factory.support.AbstractAutowireCapableBeanFactory.doCreateBean(AbstractAutowireCapableBeanFactory.java:583) ~[spring-beans-5.0.3.RELEASE.jar:5.0.3.RELEASE]
	... 41 common frames omitted

2018-01-27 12:33:03.398 ERROR 1704 --- [           main] o.s.test.context.TestContextManager      : Caught exception while allowing TestExecutionListener [org.springframework.test.context.web.ServletTestExecutionListener@175c2241] to prepare test instance [br.com.emiron.springwsdemo.SpringwsdemoApplicationTests@1b11ef33]

java.lang.IllegalStateException: Failed to load ApplicationContext
	at org.springframework.test.context.cache.DefaultCacheAwareContextLoaderDelegate.loadContext(DefaultCacheAwareContextLoaderDelegate.java:125) ~[spring-test-5.0.3.RELEASE.jar:5.0.3.RELEASE]
	at org.springframework.test.context.support.DefaultTestContext.getApplicationContext(DefaultTestContext.java:107) ~[spring-test-5.0.3.RELEASE.jar:5.0.3.RELEASE]
	at org.springframework.test.context.web.ServletTestExecutionListener.setUpRequestContextIfNecessary(ServletTestExecutionListener.java:190) ~[spring-test-5.0.3.RELEASE.jar:5.0.3.RELEASE]
	at org.springframework.test.context.web.ServletTestExecutionListener.prepareTestInstance(ServletTestExecutionListener.java:132) ~[spring-test-5.0.3.RELEASE.jar:5.0.3.RELEASE]
	at org.springframework.test.context.TestContextManager.prepareTestInstance(TestContextManager.java:242) ~[spring-test-5.0.3.RELEASE.jar:5.0.3.RELEASE]
	at org.springframework.test.context.junit4.SpringJUnit4ClassRunner.createTest(SpringJUnit4ClassRunner.java:227) [spring-test-5.0.3.RELEASE.jar:5.0.3.RELEASE]
	at org.springframework.test.context.junit4.SpringJUnit4ClassRunner$1.runReflectiveCall(SpringJUnit4ClassRunner.java:289) [spring-test-5.0.3.RELEASE.jar:5.0.3.RELEASE]
	at org.junit.internal.runners.model.ReflectiveCallable.run(ReflectiveCallable.java:12) [junit-4.12.jar:4.12]
	at org.springframework.test.context.junit4.SpringJUnit4ClassRunner.methodBlock(SpringJUnit4ClassRunner.java:291) [spring-test-5.0.3.RELEASE.jar:5.0.3.RELEASE]
	at org.springframework.test.context.junit4.SpringJUnit4ClassRunner.runChild(SpringJUnit4ClassRunner.java:246) [spring-test-5.0.3.RELEASE.jar:5.0.3.RELEASE]
	at org.springframework.test.context.junit4.SpringJUnit4ClassRunner.runChild(SpringJUnit4ClassRunner.java:97) [spring-test-5.0.3.RELEASE.jar:5.0.3.RELEASE]
	at org.junit.runners.ParentRunner$3.run(ParentRunner.java:290) [junit-4.12.jar:4.12]
	at org.junit.runners.ParentRunner$1.schedule(ParentRunner.java:71) [junit-4.12.jar:4.12]
	at org.junit.runners.ParentRunner.runChildren(ParentRunner.java:288) [junit-4.12.jar:4.12]
	at org.junit.runners.ParentRunner.access$000(ParentRunner.java:58) [junit-4.12.jar:4.12]
	at org.junit.runners.ParentRunner$2.evaluate(ParentRunner.java:268) [junit-4.12.jar:4.12]
	at org.springframework.test.context.junit4.statements.RunBeforeTestClassCallbacks.evaluate(RunBeforeTestClassCallbacks.java:61) [spring-test-5.0.3.RELEASE.jar:5.0.3.RELEASE]
	at org.springframework.test.context.junit4.statements.RunAfterTestClassCallbacks.evaluate(RunAfterTestClassCallbacks.java:70) [spring-test-5.0.3.RELEASE.jar:5.0.3.RELEASE]
	at org.junit.runners.ParentRunner.run(ParentRunner.java:363) [junit-4.12.jar:4.12]
	at org.springframework.test.context.junit4.SpringJUnit4ClassRunner.run(SpringJUnit4ClassRunner.java:190) [spring-test-5.0.3.RELEASE.jar:5.0.3.RELEASE]
	at org.apache.maven.surefire.junit4.JUnit4Provider.execute(JUnit4Provider.java:369) [surefire-junit4-2.20.1.jar:2.20.1]
	at org.apache.maven.surefire.junit4.JUnit4Provider.executeWithRerun(JUnit4Provider.java:275) [surefire-junit4-2.20.1.jar:2.20.1]
	at org.apache.maven.surefire.junit4.JUnit4Provider.executeTestSet(JUnit4Provider.java:239) [surefire-junit4-2.20.1.jar:2.20.1]
	at org.apache.maven.surefire.junit4.JUnit4Provider.invoke(JUnit4Provider.java:160) [surefire-junit4-2.20.1.jar:2.20.1]
	at org.apache.maven.surefire.booter.ForkedBooter.invokeProviderInSameClassLoader(ForkedBooter.java:373) [surefire-booter-2.20.1.jar:2.20.1]
	at org.apache.maven.surefire.booter.ForkedBooter.runSuitesInProcess(ForkedBooter.java:334) [surefire-booter-2.20.1.jar:2.20.1]
	at org.apache.maven.surefire.booter.ForkedBooter.execute(ForkedBooter.java:119) [surefire-booter-2.20.1.jar:2.20.1]
	at org.apache.maven.surefire.booter.ForkedBooter.main(ForkedBooter.java:407) [surefire-booter-2.20.1.jar:2.20.1]
Caused by: org.springframework.beans.factory.BeanCreationException: Error creating bean with name 'payloadRootAnnotationMethodEndpointMapping' defined in class path resource [org/springframework/ws/config/annotation/DelegatingWsConfiguration.class]: Initialization of bean failed; nested exception is org.springframework.context.ApplicationContextException: Cannot map endpoint [public io.spring.guides.gs_producing_web_service.GetCountryResponse br.com.emiron.springwsdemo.endpoint.PersonEndpoint.getCountry(io.spring.guides.gs_producing_web_service.GetCountryRequest)] on registration key [{http://spring.io/guides/gs-producing-web-service}getCountryRequest]: there's already endpoint [public io.spring.guides.gs_producing_web_service.GetCountryResponse br.com.emiron.springwsdemo.endpoint.CountryEndpoint.getCountry(io.spring.guides.gs_producing_web_service.GetCountryRequest)] mapped
	at org.springframework.beans.factory.support.AbstractAutowireCapableBeanFactory.doCreateBean(AbstractAutowireCapableBeanFactory.java:591) ~[spring-beans-5.0.3.RELEASE.jar:5.0.3.RELEASE]
	at org.springframework.beans.factory.support.AbstractAutowireCapableBeanFactory.createBean(AbstractAutowireCapableBeanFactory.java:502) ~[spring-beans-5.0.3.RELEASE.jar:5.0.3.RELEASE]
	at org.springframework.beans.factory.support.AbstractBeanFactory.lambda$doGetBean$0(AbstractBeanFactory.java:312) ~[spring-beans-5.0.3.RELEASE.jar:5.0.3.RELEASE]
	at org.springframework.beans.factory.support.DefaultSingletonBeanRegistry.getSingleton(DefaultSingletonBeanRegistry.java:228) ~[spring-beans-5.0.3.RELEASE.jar:5.0.3.RELEASE]
	at org.springframework.beans.factory.support.AbstractBeanFactory.doGetBean(AbstractBeanFactory.java:310) ~[spring-beans-5.0.3.RELEASE.jar:5.0.3.RELEASE]
	at org.springframework.beans.factory.support.AbstractBeanFactory.getBean(AbstractBeanFactory.java:200) ~[spring-beans-5.0.3.RELEASE.jar:5.0.3.RELEASE]
	at org.springframework.beans.factory.support.DefaultListableBeanFactory.preInstantiateSingletons(DefaultListableBeanFactory.java:761) ~[spring-beans-5.0.3.RELEASE.jar:5.0.3.RELEASE]
	at org.springframework.context.support.AbstractApplicationContext.finishBeanFactoryInitialization(AbstractApplicationContext.java:868) ~[spring-context-5.0.3.RELEASE.jar:5.0.3.RELEASE]
	at org.springframework.context.support.AbstractApplicationContext.refresh(AbstractApplicationContext.java:549) ~[spring-context-5.0.3.RELEASE.jar:5.0.3.RELEASE]
	at org.springframework.boot.SpringApplication.refresh(SpringApplication.java:752) ~[spring-boot-2.0.0.BUILD-SNAPSHOT.jar:2.0.0.BUILD-SNAPSHOT]
	at org.springframework.boot.SpringApplication.refreshContext(SpringApplication.java:388) ~[spring-boot-2.0.0.BUILD-SNAPSHOT.jar:2.0.0.BUILD-SNAPSHOT]
	at org.springframework.boot.SpringApplication.run(SpringApplication.java:327) ~[spring-boot-2.0.0.BUILD-SNAPSHOT.jar:2.0.0.BUILD-SNAPSHOT]
	at org.springframework.boot.test.context.SpringBootContextLoader.loadContext(SpringBootContextLoader.java:138) ~[spring-boot-test-2.0.0.BUILD-SNAPSHOT.jar:2.0.0.BUILD-SNAPSHOT]
	at org.springframework.test.context.cache.DefaultCacheAwareContextLoaderDelegate.loadContextInternal(DefaultCacheAwareContextLoaderDelegate.java:99) ~[spring-test-5.0.3.RELEASE.jar:5.0.3.RELEASE]
	at org.springframework.test.context.cache.DefaultCacheAwareContextLoaderDelegate.loadContext(DefaultCacheAwareContextLoaderDelegate.java:117) ~[spring-test-5.0.3.RELEASE.jar:5.0.3.RELEASE]
	... 27 common frames omitted
Caused by: org.springframework.context.ApplicationContextException: Cannot map endpoint [public io.spring.guides.gs_producing_web_service.GetCountryResponse br.com.emiron.springwsdemo.endpoint.PersonEndpoint.getCountry(io.spring.guides.gs_producing_web_service.GetCountryRequest)] on registration key [{http://spring.io/guides/gs-producing-web-service}getCountryRequest]: there's already endpoint [public io.spring.guides.gs_producing_web_service.GetCountryResponse br.com.emiron.springwsdemo.endpoint.CountryEndpoint.getCountry(io.spring.guides.gs_producing_web_service.GetCountryRequest)] mapped
	at org.springframework.ws.server.endpoint.mapping.AbstractMethodEndpointMapping.registerEndpoint(AbstractMethodEndpointMapping.java:99) ~[spring-ws-core-3.0.0.RELEASE.jar:na]
	at org.springframework.ws.server.endpoint.mapping.AbstractMethodEndpointMapping.registerMethods(AbstractMethodEndpointMapping.java:154) ~[spring-ws-core-3.0.0.RELEASE.jar:na]
	at org.springframework.ws.server.endpoint.mapping.AbstractAnnotationMethodEndpointMapping.initApplicationContext(AbstractAnnotationMethodEndpointMapping.java:72) ~[spring-ws-core-3.0.0.RELEASE.jar:na]
	at org.springframework.context.support.ApplicationObjectSupport.initApplicationContext(ApplicationObjectSupport.java:124) ~[spring-context-5.0.3.RELEASE.jar:5.0.3.RELEASE]
	at org.springframework.context.support.ApplicationObjectSupport.setApplicationContext(ApplicationObjectSupport.java:78) ~[spring-context-5.0.3.RELEASE.jar:5.0.3.RELEASE]
	at org.springframework.context.support.ApplicationContextAwareProcessor.invokeAwareInterfaces(ApplicationContextAwareProcessor.java:120) ~[spring-context-5.0.3.RELEASE.jar:5.0.3.RELEASE]
	at org.springframework.context.support.ApplicationContextAwareProcessor.postProcessBeforeInitialization(ApplicationContextAwareProcessor.java:96) ~[spring-context-5.0.3.RELEASE.jar:5.0.3.RELEASE]
	at org.springframework.beans.factory.support.AbstractAutowireCapableBeanFactory.applyBeanPostProcessorsBeforeInitialization(AbstractAutowireCapableBeanFactory.java:423) ~[spring-beans-5.0.3.RELEASE.jar:5.0.3.RELEASE]
	at org.springframework.beans.factory.support.AbstractAutowireCapableBeanFactory.initializeBean(AbstractAutowireCapableBeanFactory.java:1702) ~[spring-beans-5.0.3.RELEASE.jar:5.0.3.RELEASE]
	at org.springframework.beans.factory.support.AbstractAutowireCapableBeanFactory.doCreateBean(AbstractAutowireCapableBeanFactory.java:583) ~[spring-beans-5.0.3.RELEASE.jar:5.0.3.RELEASE]
	... 41 common frames omitted

]]></system-out>
  </testcase>
</testsuite>